GROUP,PACKAGE,CLASS,INSTRUCTION_MISSED,INSTRUCTION_COVERED,BRANCH_MISSED,BRANCH_COVERED,LINE_MISSED,LINE_COVERED,COMPLEXITY_MISSED,COMPLEXITY_COVERED,METHOD_MISSED,METHOD_COVERED
checkstyle,com.puppycrawl.tools.checkstyle.checks.metrics,NPathComplexityCheck.Values,0,15,0,0,0,6,0,3,0,3
checkstyle,com.puppycrawl.tools.checkstyle.checks.metrics,JavaNCSSCheck.Counter,0,10,0,0,0,3,0,2,0,2
checkstyle,com.puppycrawl.tools.checkstyle.checks.metrics,BooleanExpressionComplexityCheck,0,246,0,21,0,43,0,26,0,13
checkstyle,com.puppycrawl.tools.checkstyle.checks.metrics,NPathComplexityCheck,0,558,0,53,0,148,0,57,0,24
checkstyle,com.puppycrawl.tools.checkstyle.checks.metrics,NPathComplexityCheck.TokenEnd,0,44,0,8,0,13,0,7,0,3
checkstyle,com.puppycrawl.tools.checkstyle.checks.metrics,AbstractClassCouplingCheck,0,495,0,14,0,85,0,31,0,21
checkstyle,com.puppycrawl.tools.checkstyle.checks.metrics,ClassFanOutComplexityCheck,0,64,0,0,0,5,0,4,0,4
checkstyle,com.puppycrawl.tools.checkstyle.checks.metrics,CyclomaticComplexityCheck,0,265,0,12,0,41,0,21,0,15
checkstyle,com.puppycrawl.tools.checkstyle.checks.metrics,BooleanExpressionComplexityCheck.Context,0,55,0,4,0,11,0,6,0,4
checkstyle,com.puppycrawl.tools.checkstyle.checks.metrics,ClassDataAbstractionCouplingCheck,0,40,0,0,0,5,0,4,0,4
checkstyle,com.puppycrawl.tools.checkstyle.checks.metrics,JavaNCSSCheck,0,422,0,50,0,73,0,41,0,16
checkstyle,com.puppycrawl.tools.checkstyle.checks.metrics,AbstractClassCouplingCheck.ClassContext,0,220,0,26,0,52,0,24,0,11
checkstyle,com.puppycrawl.tools.checkstyle.checks.annotation,AnnotationUseStyleCheck,0,319,0,54,0,88,0,45,0,17
checkstyle,com.puppycrawl.tools.checkstyle.checks.annotation,AnnotationUseStyleCheck.ClosingParensOption,0,34,0,0,0,4,0,1,0,1
checkstyle,com.puppycrawl.tools.checkstyle.checks.annotation,AnnotationUseStyleCheck.ElementStyleOption,0,44,0,0,0,5,0,1,0,1
checkstyle,com.puppycrawl.tools.checkstyle.checks.annotation,AnnotationUseStyleCheck.TrailingArrayCommaOption,0,34,0,0,0,4,0,1,0,1
checkstyle,com.puppycrawl.tools.checkstyle.checks.annotation,AnnotationOnSameLineCheck,0,188,0,16,0,27,0,15,0,7
checkstyle,com.puppycrawl.tools.checkstyle.checks.annotation,MissingOverrideCheck,0,128,0,26,0,36,0,21,0,8
checkstyle,com.puppycrawl.tools.checkstyle.checks.annotation,AnnotationLocationCheck,0,307,0,44,0,54,0,39,0,17
checkstyle,com.puppycrawl.tools.checkstyle.checks.annotation,SuppressWarningsCheck,0,227,0,24,0,62,0,26,0,13
checkstyle,com.puppycrawl.tools.checkstyle.checks.annotation,PackageAnnotationCheck,0,34,0,4,0,11,0,7,0,5
checkstyle,com.puppycrawl.tools.checkstyle.checks.annotation,MissingDeprecatedCheck,0,165,0,20,0,34,0,17,0,7
checkstyle,com.puppycrawl.tools.checkstyle.checks.indentation,ArrayInitHandler,0,167,0,12,0,37,0,17,0,11
checkstyle,com.puppycrawl.tools.checkstyle.checks.indentation,IndexHandler,0,8,0,0,0,3,0,2,0,2
checkstyle,com.puppycrawl.tools.checkstyle.checks.indentation,LineWrappingHandler,0,430,0,66,0,111,0,46,0,13
checkstyle,com.puppycrawl.tools.checkstyle.checks.indentation,DoWhileHandler,0,53,0,4,0,13,0,6,0,4
checkstyle,com.puppycrawl.tools.checkstyle.checks.indentation,FinallyHandler,0,7,0,0,0,2,0,1,0,1
checkstyle,com.puppycrawl.tools.checkstyle.checks.indentation,SlistHandler,0,144,0,18,0,23,0,19,0,10
checkstyle,com.puppycrawl.tools.checkstyle.checks.indentation,MethodDefHandler,0,145,0,25,0,45,0,22,0,8
checkstyle,com.puppycrawl.tools.checkstyle.checks.indentation,CommentsIndentationCheck,0,1210,0,286,0,280,0,188,0,45
checkstyle,com.puppycrawl.tools.checkstyle.checks.indentation,ElseHandler,0,35,0,4,0,11,0,5,0,3
checkstyle,com.puppycrawl.tools.checkstyle.checks.indentation,ImportHandler,0,39,0,4,0,8,0,4,0,2
checkstyle,com.puppycrawl.tools.checkstyle.checks.indentation,SwitchHandler,0,38,0,0,0,13,0,7,0,7
checkstyle,com.puppycrawl.tools.checkstyle.checks.indentation,StaticInitHandler,0,7,0,0,0,2,0,1,0,1
checkstyle,com.puppycrawl.tools.checkstyle.checks.indentation,PackageDefHandler,0,39,0,4,0,8,0,4,0,2
checkstyle,com.puppycrawl.tools.checkstyle.checks.indentation,DetailAstSet,0,80,0,2,0,21,0,10,0,9
checkstyle,com.puppycrawl.tools.checkstyle.checks.indentation,SwitchRuleHandler,0,54,0,0,0,10,0,6,0,6
checkstyle,com.puppycrawl.tools.checkstyle.checks.indentation,LabelHandler,0,71,0,0,0,13,0,5,0,5
checkstyle,com.puppycrawl.tools.checkstyle.checks.indentation,WhileHandler,0,37,0,0,0,10,0,3,0,3
checkstyle,com.puppycrawl.tools.checkstyle.checks.indentation,LineWrappingHandler.LineWrappingOptions,0,32,0,2,0,7,0,3,0,2
checkstyle,com.puppycrawl.tools.checkstyle.checks.indentation,PrimordialHandler,0,16,0,0,0,5,0,4,0,4
checkstyle,com.puppycrawl.tools.checkstyle.checks.indentation,MethodCallHandler,0,318,0,34,0,77,0,27,0,10
checkstyle,com.puppycrawl.tools.checkstyle.checks.indentation,YieldHandler,0,48,0,6,0,12,0,6,0,3
checkstyle,com.puppycrawl.tools.checkstyle.checks.indentation,CaseHandler,0,50,0,0,0,10,0,6,0,6
checkstyle,com.puppycrawl.tools.checkstyle.checks.indentation,ForHandler,0,84,0,2,0,23,0,5,0,4
checkstyle,com.puppycrawl.tools.checkstyle.checks.indentation,TryHandler,0,186,0,22,0,44,0,19,0,8
checkstyle,com.puppycrawl.tools.checkstyle.checks.indentation,ClassDefHandler,0,151,0,16,0,34,0,16,0,8
checkstyle,com.puppycrawl.tools.checkstyle.checks.indentation,ObjectBlockHandler,0,80,0,6,0,21,0,12,0,9
checkstyle,com.puppycrawl.tools.checkstyle.checks.indentation,MemberDefHandler,0,112,0,18,0,29,0,16,0,7
checkstyle,com.puppycrawl.tools.checkstyle.checks.indentation,SynchronizedHandler,0,65,0,4,0,17,0,7,0,5
checkstyle,com.puppycrawl.tools.checkstyle.checks.indentation,IndentationCheck,0,167,0,2,0,54,0,26,0,25
checkstyle,com.puppycrawl.tools.checkstyle.checks.indentation,LambdaHandler,0,188,0,24,0,38,0,17,0,5
checkstyle,com.puppycrawl.tools.checkstyle.checks.indentation,HandlerFactory,0,315,0,10,0,73,0,12,0,7
checkstyle,com.puppycrawl.tools.checkstyle.checks.indentation,IfHandler,0,98,0,10,0,27,0,13,0,8
checkstyle,com.puppycrawl.tools.checkstyle.checks.indentation,NewHandler,0,53,0,4,0,13,0,6,0,4
checkstyle,com.puppycrawl.tools.checkstyle.checks.indentation,AbstractExpressionHandler,0,595,0,88,0,147,0,76,0,32
checkstyle,com.puppycrawl.tools.checkstyle.checks.indentation,IndentLevel,0,196,0,16,0,36,0,19,0,11
checkstyle,com.puppycrawl.tools.checkstyle.checks.indentation,CatchHandler,0,26,0,0,0,9,0,3,0,3
checkstyle,com.puppycrawl.tools.checkstyle.checks.indentation,BlockParentHandler,0,395,0,46,0,75,0,44,0,21
checkstyle,com.puppycrawl.tools.checkstyle.xpath,ElementNode.FollowingEnumeration,0,45,0,6,0,14,0,5,0,2
checkstyle,com.puppycrawl.tools.checkstyle.xpath,AbstractNode,0,111,0,6,0,41,0,36,0,33
checkstyle,com.puppycrawl.tools.checkstyle.xpath,ElementNode,0,344,0,35,0,98,0,44,0,21
checkstyle,com.puppycrawl.tools.checkstyle.xpath,AttributeNode,0,41,0,0,0,17,0,14,0,14
checkstyle,com.puppycrawl.tools.checkstyle.xpath,RootNode,0,117,0,12,0,41,0,23,0,15
checkstyle,com.puppycrawl.tools.checkstyle.xpath,XpathQueryGenerator,0,329,0,50,0,93,0,39,0,14
checkstyle,com.puppycrawl.tools.checkstyle.filters,SuppressWithNearbyCommentFilter.Tag,0,342,0,42,0,64,0,31,0,10
checkstyle,com.puppycrawl.tools.checkstyle.filters,SuppressWithNearbyCommentFilter,0,213,0,20,0,66,0,27,0,17
checkstyle,com.puppycrawl.tools.checkstyle.filters,SuppressionFilter,0,53,0,6,0,15,0,9,0,6
checkstyle,com.puppycrawl.tools.checkstyle.filters,SuppressWarningsFilter,0,11,0,2,0,3,0,4,0,3
checkstyle,com.puppycrawl.tools.checkstyle.filters,SuppressWithPlainTextCommentFilter.SuppressionType,0,24,0,0,0,3,0,1,0,1
checkstyle,com.puppycrawl.tools.checkstyle.filters,SuppressWithPlainTextCommentFilter.Suppression,0,271,0,42,0,59,0,29,0,8
checkstyle,com.puppycrawl.tools.checkstyle.filters,SuppressionSingleFilter,0,51,0,0,0,16,0,9,0,9
checkstyle,com.puppycrawl.tools.checkstyle.filters,SuppressWithPlainTextCommentFilter,0,200,0,16,0,52,0,23,0,15
checkstyle,com.puppycrawl.tools.checkstyle.filters,CsvFilterElement,0,124,0,14,0,34,0,13,0,6
checkstyle,com.puppycrawl.tools.checkstyle.filters,XpathFilterElement,0,418,0,72,0,94,0,46,0,10
checkstyle,com.puppycrawl.tools.checkstyle.filters,SuppressionsLoader,0,317,0,16,0,72,0,18,0,10
checkstyle,com.puppycrawl.tools.checkstyle.filters,SuppressionCommentFilter.TagType,0,24,0,0,0,3,0,1,0,1
checkstyle,com.puppycrawl.tools.checkstyle.filters,IntRangeFilterElement,0,74,0,14,0,14,0,11,0,4
checkstyle,com.puppycrawl.tools.checkstyle.filters,IntMatchFilterElement,0,48,0,6,0,10,0,8,0,5
checkstyle,com.puppycrawl.tools.checkstyle.filters,SuppressionXpathFilter,0,103,0,16,0,28,0,16,0,8
checkstyle,com.puppycrawl.tools.checkstyle.filters,SuppressionXpathSingleFilter,0,65,0,6,0,20,0,11,0,8
checkstyle,com.puppycrawl.tools.checkstyle.filters,SeverityMatchFilter,0,35,0,4,0,10,0,7,0,5
checkstyle,com.puppycrawl.tools.checkstyle.filters,SuppressFilterElement,0,353,0,76,0,75,0,46,0,8
checkstyle,com.puppycrawl.tools.checkstyle.filters,SuppressionCommentFilter.Tag,0,331,0,40,0,62,0,32,0,12
checkstyle,com.puppycrawl.tools.checkstyle.filters,SuppressionCommentFilter,0,264,0,30,0,73,0,32,0,17
checkstyle,com.puppycrawl.tools.checkstyle.checks.design,FinalClassCheck,0,274,0,44,0,67,0,37,0,14
checkstyle,com.puppycrawl.tools.checkstyle.checks.design,OneTopLevelClassCheck,0,91,0,16,0,27,0,15,0,7
checkstyle,com.puppycrawl.tools.checkstyle.checks.design,FinalClassCheck.ClassDesc,0,42,0,0,0,17,0,10,0,10
checkstyle,com.puppycrawl.tools.checkstyle.checks.design,InterfaceIsTypeCheck,0,55,0,8,0,17,0,10,0,6
checkstyle,com.puppycrawl.tools.checkstyle.checks.design,ThrowsCountCheck,0,145,0,20,0,38,0,21,0,11
checkstyle,com.puppycrawl.tools.checkstyle.checks.design,MutableExceptionCheck,0,163,0,19,0,43,0,23,0,13
checkstyle,com.puppycrawl.tools.checkstyle.checks.design,VisibilityModifierCheck,0,851,0,129,0,202,0,105,0,40
checkstyle,com.puppycrawl.tools.checkstyle.checks.design,DesignForExtensionCheck,0,360,0,74,0,94,0,57,0,20
checkstyle,com.puppycrawl.tools.checkstyle.checks.design,HideUtilityClassConstructorCheck.Details,0,106,0,20,0,37,0,16,0,6
checkstyle,com.puppycrawl.tools.checkstyle.checks.design,HideUtilityClassConstructorCheck,0,100,0,24,0,24,0,19,0,7
checkstyle,com.puppycrawl.tools.checkstyle.checks.design,InnerTypeLastCheck,0,105,0,10,0,26,0,13,0,8
checkstyle,com.puppycrawl.tools.checkstyle.ant,CheckstyleAntTask.FormatterType,0,19,0,0,0,3,0,3,0,3
checkstyle,com.puppycrawl.tools.checkstyle.ant,CheckstyleAntTask.Formatter,0,108,0,12,0,22,0,13,0,7
checkstyle,com.puppycrawl.tools.checkstyle.ant,CheckstyleAntTask,0,866,0,52,0,186,0,54,0,28
checkstyle,com.puppycrawl.tools.checkstyle.ant,CheckstyleAntTask.Property,0,22,0,0,0,9,0,6,0,6
checkstyle,com.puppycrawl.tools.checkstyle.ant,CheckstyleAntTask.Listener,0,10,0,0,0,4,0,3,0,3
checkstyle,com.puppycrawl.tools.checkstyle.grammar.javadoc,JavadocParser.DtTagStartContext,59,8,0,0,13,3,13,1,13,1
checkstyle,com.puppycrawl.tools.checkstyle.grammar.javadoc,JavadocParser.RtcTagStartContext,59,8,0,0,13,3,13,1,13,1
checkstyle,com.puppycrawl.tools.checkstyle.grammar.javadoc,JavadocParser.AreaTagContext,59,5,0,0,13,2,13,1,13,1
checkstyle,com.puppycrawl.tools.checkstyle.grammar.javadoc,JavadocParser.JavadocInlineTagContext,99,7,0,0,20,3,20,2,20,2
checkstyle,com.puppycrawl.tools.checkstyle.grammar.javadoc,JavadocParser.BodyTagStartContext,59,8,0,0,13,3,13,1,13,1
checkstyle,com.puppycrawl.tools.checkstyle.grammar.javadoc,JavadocParser.OptgroupTagEndContext,49,5,0,0,11,2,11,1,11,1
checkstyle,com.puppycrawl.tools.checkstyle.grammar.javadoc,JavadocParser.EmbedTagContext,59,5,0,0,13,2,13,1,13,1
checkstyle,com.puppycrawl.tools.checkstyle.grammar.javadoc,JavadocParser.HtmlTagContext,70,7,0,0,14,3,14,2,14,2
checkstyle,com.puppycrawl.tools.checkstyle.grammar.javadoc,JavadocParser.LiContext,462,5,0,0,93,2,93,1,93,1
checkstyle,com.puppycrawl.tools.checkstyle.grammar.javadoc,JavadocParser.OptionTagStartContext,59,8,0,0,13,3,13,1,13,1
checkstyle,com.puppycrawl.tools.checkstyle.grammar.javadoc,JavadocParser.EmptyTagContext,129,5,0,0,27,2,27,1,27,1
checkstyle,com.puppycrawl.tools.checkstyle.grammar.javadoc,JavadocParser.AttributeContext,54,5,0,0,12,2,12,1,12,1
checkstyle,com.puppycrawl.tools.checkstyle.grammar.javadoc,JavadocParser.OptionTagEndContext,49,5,0,0,11,2,11,1,11,1
checkstyle,com.puppycrawl.tools.checkstyle.grammar.javadoc,JavadocParser.TrTagEndContext,49,5,0,0,11,2,11,1,11,1
checkstyle,com.puppycrawl.tools.checkstyle.grammar.javadoc,JavadocParser.WbrTagContext,59,5,0,0,13,2,13,1,13,1
checkstyle,com.puppycrawl.tools.checkstyle.grammar.javadoc,JavadocParser.TdTagStartContext,59,8,0,0,13,3,13,1,13,1
checkstyle,com.puppycrawl.tools.checkstyle.grammar.javadoc,JavadocParser.TbodyTagEndContext,49,5,0,0,11,2,11,1,11,1
checkstyle,com.puppycrawl.tools.checkstyle.grammar.javadoc,JavadocParser.DdTagEndContext,49,5,0,0,11,2,11,1,11,1
checkstyle,com.puppycrawl.tools.checkstyle.grammar.javadoc,JavadocParser.RtcTagEndContext,49,5,0,0,11,2,11,1,11,1
checkstyle,com.puppycrawl.tools.checkstyle.grammar.javadoc,JavadocParser.TbodyTagStartContext,59,8,0,0,13,3,13,1,13,1
checkstyle,com.puppycrawl.tools.checkstyle.grammar.javadoc,JavadocParser.TdContext,456,5,0,0,92,2,92,1,92,1
checkstyle,com.puppycrawl.tools.checkstyle.grammar.javadoc,JavadocParser.TextContext,20,5,0,0,5,2,5,1,5,1
checkstyle,com.puppycrawl.tools.checkstyle.grammar.javadoc,JavadocParser.LinkTagContext,59,5,0,0,13,2,13,1,13,1
checkstyle,com.puppycrawl.tools.checkstyle.grammar.javadoc,JavadocParser.JavadocTagContext,145,7,0,0,29,3,29,2,29,2
checkstyle,com.puppycrawl.tools.checkstyle.grammar.javadoc,JavadocParser.LiTagStartContext,59,8,0,0,13,3,13,1,13,1
checkstyle,com.puppycrawl.tools.checkstyle.grammar.javadoc,JavadocParser.ParagraphContext,462,5,0,0,93,2,93,1,93,1
checkstyle,com.puppycrawl.tools.checkstyle.grammar.javadoc,JavadocParser.ColTagContext,59,5,0,0,13,2,13,1,13,1
checkstyle,com.puppycrawl.tools.checkstyle.grammar.javadoc,JavadocParser.TdTagEndContext,49,5,0,0,11,2,11,1,11,1
checkstyle,com.puppycrawl.tools.checkstyle.grammar.javadoc,JavadocParser.DdContext,462,5,0,0,93,2,93,1,93,1
checkstyle,com.puppycrawl.tools.checkstyle.grammar.javadoc,JavadocParser.SingletonElementContext,122,5,0,0,21,2,21,1,21,1
checkstyle,com.puppycrawl.tools.checkstyle.grammar.javadoc,JavadocParser.PTagEndContext,49,5,0,0,11,2,11,1,11,1
checkstyle,com.puppycrawl.tools.checkstyle.grammar.javadoc,JavadocParser.DtContext,462,5,0,0,93,2,93,1,93,1
checkstyle,com.puppycrawl.tools.checkstyle.grammar.javadoc,JavadocParser.BasefontTagContext,59,5,0,0,13,2,13,1,13,1
checkstyle,com.puppycrawl.tools.checkstyle.grammar.javadoc,JavadocParser.BodyContext,462,5,0,0,93,2,93,1,93,1
checkstyle,com.puppycrawl.tools.checkstyle.grammar.javadoc,JavadocParser.WrongSingletonTagContext,23,5,0,0,5,2,5,1,5,1
checkstyle,com.puppycrawl.tools.checkstyle.grammar.javadoc,JavadocParser.TrContext,462,5,0,0,93,2,93,1,93,1
checkstyle,com.puppycrawl.tools.checkstyle.grammar.javadoc,JavadocParser.RpContext,362,5,0,0,73,2,73,1,73,1
checkstyle,com.puppycrawl.tools.checkstyle.grammar.javadoc,JavadocParser.OptionContext,462,5,0,0,93,2,93,1,93,1
checkstyle,com.puppycrawl.tools.checkstyle.grammar.javadoc,JavadocParser.HeadTagEndContext,49,5,0,0,11,2,11,1,11,1
checkstyle,com.puppycrawl.tools.checkstyle.grammar.javadoc,JavadocParser.BrTagContext,59,5,0,0,13,2,13,1,13,1
checkstyle,com.puppycrawl.tools.checkstyle.grammar.javadoc,JavadocParser.BodyTagEndContext,49,5,0,0,11,2,11,1,11,1
checkstyle,com.puppycrawl.tools.checkstyle.grammar.javadoc,JavadocParser.TheadTagStartContext,59,8,0,0,13,3,13,1,13,1
checkstyle,com.puppycrawl.tools.checkstyle.grammar.javadoc,JavadocParser.HtmlContext,462,5,0,0,93,2,93,1,93,1
checkstyle,com.puppycrawl.tools.checkstyle.grammar.javadoc,JavadocParser.TfootTagEndContext,49,5,0,0,11,2,11,1,11,1
checkstyle,com.puppycrawl.tools.checkstyle.grammar.javadoc,JavadocParser.ColgroupTagEndContext,49,5,0,0,11,2,11,1,11,1
checkstyle,com.puppycrawl.tools.checkstyle.grammar.javadoc,JavadocParser.InputTagContext,59,5,0,0,13,2,13,1,13,1
checkstyle,com.puppycrawl.tools.checkstyle.grammar.javadoc,JavadocParser.RtTagEndContext,49,5,0,0,11,2,11,1,11,1
checkstyle,com.puppycrawl.tools.checkstyle.grammar.javadoc,JavadocParser.KeygenTagContext,59,5,0,0,13,2,13,1,13,1
checkstyle,com.puppycrawl.tools.checkstyle.grammar.javadoc,JavadocParser.ThContext,462,5,0,0,93,2,93,1,93,1
checkstyle,com.puppycrawl.tools.checkstyle.grammar.javadoc,JavadocParser.RtcContext,362,5,0,0,73,2,73,1,73,1
checkstyle,com.puppycrawl.tools.checkstyle.grammar.javadoc,JavadocParser.OptgroupContext,362,5,0,0,73,2,73,1,73,1
checkstyle,com.puppycrawl.tools.checkstyle.grammar.javadoc,JavadocParser.ThTagEndContext,49,5,0,0,11,2,11,1,11,1
checkstyle,com.puppycrawl.tools.checkstyle.grammar.javadoc,JavadocParser.DescriptionContext,60,5,0,0,13,2,13,1,13,1
checkstyle,com.puppycrawl.tools.checkstyle.grammar.javadoc,JavadocParser.SingletonTagNameContext,92,5,0,0,19,2,19,1,19,1
checkstyle,com.puppycrawl.tools.checkstyle.grammar.javadoc,JavadocParser.TrackTagContext,59,5,0,0,13,2,13,1,13,1
checkstyle,com.puppycrawl.tools.checkstyle.grammar.javadoc,JavadocParser.FrameTagContext,59,5,0,0,13,2,13,1,13,1
checkstyle,com.puppycrawl.tools.checkstyle.grammar.javadoc,JavadocParser.HrTagContext,59,5,0,0,13,2,13,1,13,1
checkstyle,com.puppycrawl.tools.checkstyle.grammar.javadoc,JavadocParser.OptgroupTagStartContext,59,8,0,0,13,3,13,1,13,1
checkstyle,com.puppycrawl.tools.checkstyle.grammar.javadoc,JavadocParser.TheadContext,462,5,0,0,93,2,93,1,93,1
checkstyle,com.puppycrawl.tools.checkstyle.grammar.javadoc,JavadocLexer,256,3375,192,359,104,604,199,300,13,140
checkstyle,com.puppycrawl.tools.checkstyle.grammar.javadoc,JavadocParser.HtmlElementContext,372,7,0,0,62,3,62,2,62,2
checkstyle,com.puppycrawl.tools.checkstyle.grammar.javadoc,JavadocParser.HtmlElementEndContext,49,5,0,0,11,2,11,1,11,1
checkstyle,com.puppycrawl.tools.checkstyle.grammar.javadoc,JavadocParser.LiTagEndContext,49,5,0,0,11,2,11,1,11,1
checkstyle,com.puppycrawl.tools.checkstyle.grammar.javadoc,JavadocParser.RpTagStartContext,59,8,0,0,13,3,13,1,13,1
checkstyle,com.puppycrawl.tools.checkstyle.grammar.javadoc,JavadocParser.TheadTagEndContext,49,5,0,0,11,2,11,1,11,1
checkstyle,com.puppycrawl.tools.checkstyle.grammar.javadoc,JavadocParser.TfootTagStartContext,59,8,0,0,13,3,13,1,13,1
checkstyle,com.puppycrawl.tools.checkstyle.grammar.javadoc,JavadocParser.ImgTagContext,59,5,0,0,13,2,13,1,13,1
checkstyle,com.puppycrawl.tools.checkstyle.grammar.javadoc,JavadocParser.RtTagStartContext,59,8,0,0,13,3,13,1,13,1
checkstyle,com.puppycrawl.tools.checkstyle.grammar.javadoc,JavadocParser.ThTagStartContext,59,8,0,0,13,3,13,1,13,1
checkstyle,com.puppycrawl.tools.checkstyle.grammar.javadoc,JavadocParser.JavadocContext,82,7,0,0,17,3,17,2,17,2
checkstyle,com.puppycrawl.tools.checkstyle.grammar.javadoc,JavadocParser.ColgroupTagStartContext,59,8,0,0,13,3,13,1,13,1
checkstyle,com.puppycrawl.tools.checkstyle.grammar.javadoc,JavadocParser,9285,17134,1387,1355,2895,4156,1266,796,17,117
checkstyle,com.puppycrawl.tools.checkstyle.grammar.javadoc,JavadocParser.RbContext,362,5,0,0,73,2,73,1,73,1
checkstyle,com.puppycrawl.tools.checkstyle.grammar.javadoc,JavadocParser.HtmlTagEndContext,49,5,0,0,11,2,11,1,11,1
checkstyle,com.puppycrawl.tools.checkstyle.grammar.javadoc,JavadocParser.RbTagStartContext,59,8,0,0,13,3,13,1,13,1
checkstyle,com.puppycrawl.tools.checkstyle.grammar.javadoc,JavadocParser.ColgroupContext,462,5,0,0,93,2,93,1,93,1
checkstyle,com.puppycrawl.tools.checkstyle.grammar.javadoc,JavadocParser.SourceTagContext,59,5,0,0,13,2,13,1,13,1
checkstyle,com.puppycrawl.tools.checkstyle.grammar.javadoc,JavadocParser.HeadContext,462,5,0,0,93,2,93,1,93,1
checkstyle,com.puppycrawl.tools.checkstyle.grammar.javadoc,JavadocParser.IsindexTagContext,59,5,0,0,13,2,13,1,13,1
checkstyle,com.puppycrawl.tools.checkstyle.grammar.javadoc,JavadocParser.ParamTagContext,59,5,0,0,13,2,13,1,13,1
checkstyle,com.puppycrawl.tools.checkstyle.grammar.javadoc,JavadocParser.TfootContext,462,5,0,0,93,2,93,1,93,1
checkstyle,com.puppycrawl.tools.checkstyle.grammar.javadoc,JavadocParser.BaseTagContext,59,5,0,0,13,2,13,1,13,1
checkstyle,com.puppycrawl.tools.checkstyle.grammar.javadoc,JavadocParser.ParametersContext,57,5,0,0,13,2,13,1,13,1
checkstyle,com.puppycrawl.tools.checkstyle.grammar.javadoc,JavadocParser.TrTagStartContext,59,8,0,0,13,3,13,1,13,1
checkstyle,com.puppycrawl.tools.checkstyle.grammar.javadoc,JavadocParser.ReferenceContext,21,7,0,0,4,3,4,2,4,2
checkstyle,com.puppycrawl.tools.checkstyle.grammar.javadoc,JavadocParser.RbTagEndContext,49,5,0,0,11,2,11,1,11,1
checkstyle,com.puppycrawl.tools.checkstyle.grammar.javadoc,JavadocParser.DtTagEndContext,49,5,0,0,11,2,11,1,11,1
checkstyle,com.puppycrawl.tools.checkstyle.grammar.javadoc,JavadocParser.RtContext,362,5,0,0,73,2,73,1,73,1
checkstyle,com.puppycrawl.tools.checkstyle.grammar.javadoc,JavadocParser.DdTagStartContext,59,8,0,0,13,3,13,1,13,1
checkstyle,com.puppycrawl.tools.checkstyle.grammar.javadoc,JavadocParser.TbodyContext,462,5,0,0,93,2,93,1,93,1
checkstyle,com.puppycrawl.tools.checkstyle.grammar.javadoc,JavadocParser.MetaTagContext,59,5,0,0,13,2,13,1,13,1
checkstyle,com.puppycrawl.tools.checkstyle.grammar.javadoc,JavadocParser.HtmlElementStartContext,54,5,0,0,12,2,12,1,12,1
checkstyle,com.puppycrawl.tools.checkstyle.grammar.javadoc,JavadocParser.HtmlCommentContext,40,5,0,0,9,2,9,1,9,1
checkstyle,com.puppycrawl.tools.checkstyle.grammar.javadoc,JavadocParser.RpTagEndContext,49,5,0,0,11,2,11,1,11,1
checkstyle,com.puppycrawl.tools.checkstyle.grammar.javadoc,JavadocParser.HeadTagStartContext,59,8,0,0,13,3,13,1,13,1
checkstyle,com.puppycrawl.tools.checkstyle.grammar.javadoc,JavadocParser.PTagStartContext,59,8,0,0,13,3,13,1,13,1
checkstyle,com.puppycrawl.tools.checkstyle.grammar.javadoc,JavadocParser.HtmlTagStartContext,59,8,0,0,13,3,13,1,13,1
checkstyle,com.puppycrawl.tools.checkstyle.checks.naming,PackageNameCheck,0,57,0,2,0,14,0,7,0,6
checkstyle,com.puppycrawl.tools.checkstyle.checks.naming,ConstantNameCheck,0,68,0,18,0,20,0,14,0,5
checkstyle,com.puppycrawl.tools.checkstyle.checks.naming,LocalVariableNameCheck,0,78,0,16,0,17,0,15,0,7
checkstyle,com.puppycrawl.tools.checkstyle.checks.naming,IllegalIdentifierNameCheck,0,68,0,2,0,6,0,6,0,5
checkstyle,com.puppycrawl.tools.checkstyle.checks.naming,LocalFinalVariableNameCheck,0,49,0,8,0,10,0,9,0,5
checkstyle,com.puppycrawl.tools.checkstyle.checks.naming,ClassTypeParameterNameCheck,0,29,0,2,0,8,0,6,0,5
checkstyle,com.puppycrawl.tools.checkstyle.checks.naming,RecordTypeParameterNameCheck,0,29,0,2,0,8,0,6,0,5
checkstyle,com.puppycrawl.tools.checkstyle.checks.naming,ParameterNameCheck,0,150,0,22,0,38,0,22,0,11
checkstyle,com.puppycrawl.tools.checkstyle.checks.naming,TypeNameCheck,0,32,0,0,0,5,0,4,0,4
checkstyle,com.puppycrawl.tools.checkstyle.checks.naming,CatchParameterNameCheck,0,26,0,2,0,6,0,6,0,5
checkstyle,com.puppycrawl.tools.checkstyle.checks.naming,PatternVariableNameCheck,0,19,0,0,0,6,0,5,0,5
checkstyle,com.puppycrawl.tools.checkstyle.checks.naming,InterfaceTypeParameterNameCheck,0,29,0,2,0,8,0,6,0,5
checkstyle,com.puppycrawl.tools.checkstyle.checks.naming,AbstractNameCheck,0,44,0,4,0,12,0,5,0,3
checkstyle,com.puppycrawl.tools.checkstyle.checks.naming,MethodNameCheck,0,67,0,10,0,20,0,11,0,6
checkstyle,com.puppycrawl.tools.checkstyle.checks.naming,AbstractClassNameCheck,0,104,0,12,0,25,0,17,0,11
checkstyle,com.puppycrawl.tools.checkstyle.checks.naming,AccessModifierOption,0,60,0,0,0,8,0,4,0,4
checkstyle,com.puppycrawl.tools.checkstyle.checks.naming,StaticVariableNameCheck,0,52,0,12,0,12,0,11,0,5
checkstyle,com.puppycrawl.tools.checkstyle.checks.naming,MemberNameCheck,0,45,0,10,0,11,0,10,0,5
checkstyle,com.puppycrawl.tools.checkstyle.checks.naming,AbstractAccessControlNameCheck,0,109,0,34,0,26,0,25,0,8
checkstyle,com.puppycrawl.tools.checkstyle.checks.naming,LambdaParameterNameCheck,0,53,0,6,0,14,0,10,0,7
checkstyle,com.puppycrawl.tools.checkstyle.checks.naming,MethodTypeParameterNameCheck,0,29,0,2,0,8,0,6,0,5
checkstyle,com.puppycrawl.tools.checkstyle.checks.naming,AbbreviationAsWordInNameCheck,0,441,0,62,0,98,0,50,0,19
checkstyle,com.puppycrawl.tools.checkstyle.meta,JavadocMetadataScraper,15,943,17,119,3,232,17,84,0,33
checkstyle,com.puppycrawl.tools.checkstyle.meta,MetadataGeneratorUtil,16,134,1,9,4,28,2,7,1,3
checkstyle,com.puppycrawl.tools.checkstyle.meta,ModulePropertyDetails,0,38,0,0,0,16,0,11,0,11
checkstyle,com.puppycrawl.tools.checkstyle.meta,XmlMetaWriter,38,290,4,16,5,73,3,11,0,4
checkstyle,com.puppycrawl.tools.checkstyle.meta,ModuleType,0,48,0,0,0,8,0,3,0,3
checkstyle,com.puppycrawl.tools.checkstyle.meta,XmlMetaReader,404,0,34,0,89,0,24,0,7,0
checkstyle,com.puppycrawl.tools.checkstyle.meta,ModuleDetails,30,80,0,0,8,26,4,15,4,15
checkstyle,com.puppycrawl.tools.checkstyle.checks.javadoc,JavadocTagContinuationIndentationCheck,0,124,0,20,0,33,0,17,0,7
checkstyle,com.puppycrawl.tools.checkstyle.checks.javadoc,JavadocMissingWhitespaceAfterAsteriskCheck,0,90,0,16,0,20,0,14,0,6
checkstyle,com.puppycrawl.tools.checkstyle.checks.javadoc,JavadocTypeCheck,0,510,0,62,0,116,0,57,0,26
checkstyle,com.puppycrawl.tools.checkstyle.checks.javadoc,JavadocTag,0,139,0,26,0,19,0,26,0,13
checkstyle,com.puppycrawl.tools.checkstyle.checks.javadoc,NonEmptyAtclauseDescriptionCheck,0,88,0,12,0,16,0,11,0,5
checkstyle,com.puppycrawl.tools.checkstyle.checks.javadoc,MissingJavadocTypeCheck,0,126,0,22,0,29,0,20,0,9
checkstyle,com.puppycrawl.tools.checkstyle.checks.javadoc,SingleLineJavadocCheck,0,105,0,16,0,28,0,18,0,10
checkstyle,com.puppycrawl.tools.checkstyle.checks.javadoc,JavadocTags,0,29,0,0,0,8,0,3,0,3
checkstyle,com.puppycrawl.tools.checkstyle.checks.javadoc,JavadocStyleCheck,0,925,0,102,0,162,0,75,0,24
checkstyle,com.puppycrawl.tools.checkstyle.checks.javadoc,AbstractJavadocCheck.FileContext,0,8,0,0,0,2,0,1,0,1
checkstyle,com.puppycrawl.tools.checkstyle.checks.javadoc,JavadocTagInfo.new JavadocTagInfo() {...},0,22,0,4,0,4,0,4,0,2
checkstyle,com.puppycrawl.tools.checkstyle.checks.javadoc,JavadocTagInfo.new JavadocTagInfo() {...},0,23,0,4,0,4,0,4,0,2
checkstyle,com.puppycrawl.tools.checkstyle.checks.javadoc,JavadocTagInfo.new JavadocTagInfo() {...},0,28,0,4,0,5,0,4,0,2
checkstyle,com.puppycrawl.tools.checkstyle.checks.javadoc,JavadocTagInfo.new JavadocTagInfo() {...},0,28,0,8,0,3,0,6,0,2
checkstyle,com.puppycrawl.tools.checkstyle.checks.javadoc,JavadocTagInfo.new JavadocTagInfo() {...},0,22,0,4,0,3,0,4,0,2
checkstyle,com.puppycrawl.tools.checkstyle.checks.javadoc,JavadocTagInfo.new JavadocTagInfo() {...},0,23,0,4,0,4,0,4,0,2
checkstyle,com.puppycrawl.tools.checkstyle.checks.javadoc,JavadocTagInfo.new JavadocTagInfo() {...},0,34,0,6,0,6,0,5,0,2
checkstyle,com.puppycrawl.tools.checkstyle.checks.javadoc,JavadocTagInfo.new JavadocTagInfo() {...},0,50,0,14,0,11,0,9,0,2
checkstyle,com.puppycrawl.tools.checkstyle.checks.javadoc,RequireEmptyLineBeforeBlockTagGroupCheck,0,161,0,30,0,41,0,23,0,8
checkstyle,com.puppycrawl.tools.checkstyle.checks.javadoc,JavadocTagInfo.new JavadocTagInfo() {...},0,22,0,4,0,4,0,4,0,2
checkstyle,com.puppycrawl.tools.checkstyle.checks.javadoc,JavadocTagInfo.new JavadocTagInfo() {...},0,23,0,4,0,4,0,4,0,2
checkstyle,com.puppycrawl.tools.checkstyle.checks.javadoc,JavadocPackageCheck,0,87,0,12,0,21,0,9,0,3
checkstyle,com.puppycrawl.tools.checkstyle.checks.javadoc,JavadocTagInfo.Type,0,24,0,0,0,3,0,1,0,1
checkstyle,com.puppycrawl.tools.checkstyle.checks.javadoc,JavadocTagInfo.new JavadocTagInfo() {...},0,23,0,4,0,4,0,4,0,2
checkstyle,com.puppycrawl.tools.checkstyle.checks.javadoc,AbstractJavadocCheck,0,386,0,42,0,96,0,46,0,25
checkstyle,com.puppycrawl.tools.checkstyle.checks.javadoc,TagParser.Point,0,15,0,0,0,6,0,3,0,3
checkstyle,com.puppycrawl.tools.checkstyle.checks.javadoc,InvalidJavadocTag,0,21,0,0,0,8,0,4,0,4
checkstyle,com.puppycrawl.tools.checkstyle.checks.javadoc,JavadocTagInfo.new JavadocTagInfo() {...},0,23,0,4,0,4,0,4,0,2
checkstyle,com.puppycrawl.tools.checkstyle.checks.javadoc,JavadocTagInfo.new JavadocTagInfo() {...},0,23,0,4,0,4,0,4,0,2
checkstyle,com.puppycrawl.tools.checkstyle.checks.javadoc,JavadocTagInfo.new JavadocTagInfo() {...},0,31,0,6,0,7,0,5,0,2
checkstyle,com.puppycrawl.tools.checkstyle.checks.javadoc,JavadocTagInfo.new JavadocTagInfo() {...},0,22,0,4,0,3,0,4,0,2
checkstyle,com.puppycrawl.tools.checkstyle.checks.javadoc,JavadocTagInfo.new JavadocTagInfo() {...},0,23,0,4,0,4,0,4,0,2
checkstyle,com.puppycrawl.tools.checkstyle.checks.javadoc,JavadocTagInfo.new JavadocTagInfo() {...},0,23,0,4,0,4,0,4,0,2
checkstyle,com.puppycrawl.tools.checkstyle.checks.javadoc,JavadocTagInfo.new JavadocTagInfo() {...},0,23,0,4,0,4,0,4,0,2
checkstyle,com.puppycrawl.tools.checkstyle.checks.javadoc,JavadocTagInfo.new JavadocTagInfo() {...},0,22,0,4,0,4,0,4,0,2
checkstyle,com.puppycrawl.tools.checkstyle.checks.javadoc,JavadocMethodCheck,0,1271,1,191,0,327,1,139,0,44
checkstyle,com.puppycrawl.tools.checkstyle.checks.javadoc,JavadocMethodCheck.Token,0,52,0,0,0,12,0,4,0,4
checkstyle,com.puppycrawl.tools.checkstyle.checks.javadoc,JavadocBlockTagLocationCheck,0,140,0,10,0,20,0,13,0,8
checkstyle,com.puppycrawl.tools.checkstyle.checks.javadoc,JavadocParagraphCheck,0,240,0,62,0,64,0,43,0,12
checkstyle,com.puppycrawl.tools.checkstyle.checks.javadoc,AtclauseOrderCheck,0,265,0,20,0,45,0,19,0,9
checkstyle,com.puppycrawl.tools.checkstyle.checks.javadoc,JavadocContentLocationCheck,0,111,0,24,0,31,0,21,0,9
checkstyle,com.puppycrawl.tools.checkstyle.checks.javadoc,JavadocMethodCheck.ExceptionInfo,0,23,0,0,0,9,0,5,0,5
checkstyle,com.puppycrawl.tools.checkstyle.checks.javadoc,JavadocMethodCheck.ClassInfo,0,9,0,0,0,4,0,2,0,2
checkstyle,com.puppycrawl.tools.checkstyle.checks.javadoc,JavadocTagInfo,0,460,0,8,0,51,0,15,0,11
checkstyle,com.puppycrawl.tools.checkstyle.checks.javadoc,MissingJavadocMethodCheck,0,239,0,48,0,61,0,41,0,17
checkstyle,com.puppycrawl.tools.checkstyle.checks.javadoc,HtmlTag,0,115,0,4,0,18,0,11,0,9
checkstyle,com.puppycrawl.tools.checkstyle.checks.javadoc,TagParser,0,365,0,58,0,80,0,41,0,12
checkstyle,com.puppycrawl.tools.checkstyle.checks.javadoc,JavadocNodeImpl,0,118,0,2,0,29,0,18,0,17
checkstyle,com.puppycrawl.tools.checkstyle.checks.javadoc,JavadocVariableCheck,0,139,0,28,0,33,0,24,0,10
checkstyle,com.puppycrawl.tools.checkstyle.checks.javadoc,WriteTagCheck,0,245,0,14,0,40,0,17,0,10
checkstyle,com.puppycrawl.tools.checkstyle.checks.javadoc,MissingJavadocPackageCheck,0,96,0,22,0,24,0,20,0,9
checkstyle,com.puppycrawl.tools.checkstyle.checks.javadoc,SummaryJavadocCheck,0,363,0,50,0,85,0,38,0,13
checkstyle,com.puppycrawl.tools.checkstyle.checks.javadoc,JavadocContentLocationOption,0,24,0,0,0,3,0,1,0,1
checkstyle,com.puppycrawl.tools.checkstyle.checks.javadoc,InvalidJavadocPositionCheck,0,34,0,4,0,10,0,8,0,6
checkstyle,com.puppycrawl.tools.checkstyle.checks.regexp,DetectorOptions,0,37,0,0,0,11,0,9,0,9
checkstyle,com.puppycrawl.tools.checkstyle.checks.regexp,CommentSuppressor,0,14,0,0,0,5,0,2,0,2
checkstyle,com.puppycrawl.tools.checkstyle.checks.regexp,SinglelineDetector,0,159,0,14,0,33,0,12,0,5
checkstyle,com.puppycrawl.tools.checkstyle.checks.regexp,RegexpMultilineCheck,0,75,0,2,0,31,0,11,0,10
checkstyle,com.puppycrawl.tools.checkstyle.checks.regexp,RegexpCheck,0,273,0,40,0,64,0,35,0,15
checkstyle,com.puppycrawl.tools.checkstyle.checks.regexp,RegexpSinglelineCheck,0,60,0,0,0,25,0,8,0,8
checkstyle,com.puppycrawl.tools.checkstyle.checks.regexp,MultilineDetector,0,174,0,14,0,35,0,12,0,5
checkstyle,com.puppycrawl.tools.checkstyle.checks.regexp,NeverSuppress,0,7,0,0,0,2,0,2,0,2
checkstyle,com.puppycrawl.tools.checkstyle.checks.regexp,RegexpSinglelineJavaCheck,0,84,0,2,0,33,0,12,0,11
checkstyle,com.puppycrawl.tools.checkstyle.checks.regexp,RegexpOnFilenameCheck,0,178,0,26,0,42,0,26,0,13
checkstyle,com.puppycrawl.tools.checkstyle.checks.regexp,DetectorOptions.Builder,0,117,0,2,0,25,0,12,0,11
checkstyle,com.puppycrawl.tools.checkstyle.utils,XpathUtil,0,133,0,2,0,23,0,6,0,5
checkstyle,com.puppycrawl.tools.checkstyle.utils,AnnotationUtil,0,177,0,36,0,47,0,27,0,9
checkstyle,com.puppycrawl.tools.checkstyle.utils,FilterUtil,0,15,0,0,0,6,0,1,0,1
checkstyle,com.puppycrawl.tools.checkstyle.utils,ScopeUtil,0,324,0,66,0,82,0,47,0,14
checkstyle,com.puppycrawl.tools.checkstyle.utils,CommonUtil,0,753,0,88,0,194,0,71,0,27
checkstyle,com.puppycrawl.tools.checkstyle.utils,ModuleReflectionUtil,0,131,0,30,0,32,0,28,0,13
checkstyle,com.puppycrawl.tools.checkstyle.utils,JavadocUtil.JavadocTagType,0,34,0,0,0,4,0,1,0,1
checkstyle,com.puppycrawl.tools.checkstyle.utils,CheckUtil,0,709,0,149,0,182,0,98,0,23
checkstyle,com.puppycrawl.tools.checkstyle.utils,TokenUtil,0,315,0,52,0,57,0,46,0,20
checkstyle,com.puppycrawl.tools.checkstyle.utils,BlockCommentPosition,0,437,0,160,0,98,0,100,0,20
checkstyle,com.puppycrawl.tools.checkstyle.utils,JavadocUtil,0,441,0,76,0,113,0,55,0,17
checkstyle,com.puppycrawl.tools.checkstyle,PropertiesExpander,0,42,0,4,0,10,0,4,0,2
checkstyle,com.puppycrawl.tools.checkstyle,JavadocDetailNodeParser.ParseErrorMessage,0,25,0,0,0,8,0,4,0,4
checkstyle,com.puppycrawl.tools.checkstyle,XmlLoader.LoadExternalDtdFeatureProvider,0,18,0,0,0,6,0,1,0,1
checkstyle,com.puppycrawl.tools.checkstyle,JavaParser.new GeneratedJavaRecognizer() {...},0,9,0,0,0,2,0,2,0,2
checkstyle,com.puppycrawl.tools.checkstyle,ConfigurationLoader.InternalLoader,0,222,0,24,0,57,0,17,0,5
checkstyle,com.puppycrawl.tools.checkstyle,PropertyCacheFile,0,350,0,22,0,89,0,31,0,20
checkstyle,com.puppycrawl.tools.checkstyle,Main.OnlyCheckstyleLoggersFilter,0,14,0,0,0,3,0,2,0,2
checkstyle,com.puppycrawl.tools.checkstyle,DetailAstImpl,0,463,0,68,0,151,0,63,0,29
checkstyle,com.puppycrawl.tools.checkstyle,XMLLogger.FileMessages,0,35,0,0,0,9,0,5,0,5
checkstyle,com.puppycrawl.tools.checkstyle,PackageObjectFactory.ModuleLoadOption,0,24,0,0,0,3,0,1,0,1
checkstyle,com.puppycrawl.tools.checkstyle,Main.OutputFormat,0,47,0,2,0,8,0,4,0,3
checkstyle,com.puppycrawl.tools.checkstyle,XpathFileGeneratorAstFilter,0,49,0,4,0,14,0,8,0,6
checkstyle,com.puppycrawl.tools.checkstyle,TreeWalkerAuditEvent,0,55,0,0,0,17,0,12,0,12
checkstyle,com.puppycrawl.tools.checkstyle,XpathFileGeneratorAuditListener,0,146,0,12,0,44,0,15,0,9
checkstyle,com.puppycrawl.tools.checkstyle,DefaultContext,0,27,0,0,0,6,0,4,0,4
checkstyle,com.puppycrawl.tools.checkstyle,Main.CliOptions,0,216,0,46,0,43,0,29,0,6
checkstyle,com.puppycrawl.tools.checkstyle,PackageNamesLoader,0,162,0,12,0,43,0,13,0,7
checkstyle,com.puppycrawl.tools.checkstyle,JavadocDetailNodeParser,0,643,0,64,0,171,0,50,0,18
checkstyle,com.puppycrawl.tools.checkstyle,DetailNodeTreeStringPrinter,0,198,0,16,0,44,0,16,0,8
checkstyle,com.puppycrawl.tools.checkstyle,JavadocDetailNodeParser.DescriptiveErrorListener,0,76,0,2,0,15,0,4,0,3
checkstyle,com.puppycrawl.tools.checkstyle,ConfigurationLoader,0,375,0,26,0,82,0,24,0,11
checkstyle,com.puppycrawl.tools.checkstyle,JavaParser,0,271,0,18,0,86,0,15,0,6
checkstyle,com.puppycrawl.tools.checkstyle,XmlLoader,0,72,0,2,0,24,0,5,0,4
checkstyle,com.puppycrawl.tools.checkstyle,SuppressionsStringPrinter,0,81,0,2,0,18,0,4,0,3
checkstyle,com.puppycrawl.tools.checkstyle,ConfigurationLoader.IgnoredModulesOptions,0,24,0,0,0,3,0,1,0,1
checkstyle,com.puppycrawl.tools.checkstyle,TreeWalker,0,681,0,60,0,174,0,56,0,26
checkstyle,com.puppycrawl.tools.checkstyle,Definitions,0,8,0,0,0,2,0,1,0,1
checkstyle,com.puppycrawl.tools.checkstyle,PackageObjectFactory,0,1459,0,40,0,339,0,55,0,35
checkstyle,com.puppycrawl.tools.checkstyle,JavadocPropertiesGenerator,0,389,0,60,0,92,0,42,0,11
checkstyle,com.puppycrawl.tools.checkstyle,AstTreeStringPrinter,0,271,0,20,0,64,0,21,0,11
checkstyle,com.puppycrawl.tools.checkstyle,Checker,0,896,0,70,0,235,0,73,0,38
checkstyle,com.puppycrawl.tools.checkstyle,TreeWalker.AstState,0,24,0,0,0,3,0,1,0,1
checkstyle,com.puppycrawl.tools.checkstyle,ThreadModeSettings,0,58,0,6,0,19,0,8,0,5
checkstyle,com.puppycrawl.tools.checkstyle,XMLLogger,0,537,0,50,0,125,0,44,0,16
checkstyle,com.puppycrawl.tools.checkstyle,DefaultConfiguration,0,138,0,4,0,30,0,15,0,13
checkstyle,com.puppycrawl.tools.checkstyle,AuditEventDefaultFormatter,0,152,0,12,0,35,0,10,0,4
checkstyle,com.puppycrawl.tools.checkstyle,JavaParser.Options,0,24,0,0,0,3,0,1,0,1
checkstyle,com.puppycrawl.tools.checkstyle,JavadocDetailNodeParser.ParseStatus,0,27,0,2,0,9,0,8,0,7
checkstyle,com.puppycrawl.tools.checkstyle,PropertyCacheFile.ExternalResource,0,9,0,0,0,4,0,1,0,1
checkstyle,com.puppycrawl.tools.checkstyle,Main,0,619,0,64,0,169,0,47,0,15
checkstyle,com.puppycrawl.tools.checkstyle,JavadocDetailNodeParser.JavadocParserErrorStrategy,4,7,0,0,1,1,0,1,0,1
checkstyle,com.puppycrawl.tools.checkstyle,DefaultLogger,0,200,0,16,0,50,0,19,0,11
checkstyle,com.puppycrawl.tools.checkstyle.checks.whitespace,WhitespaceAfterCheck,0,130,0,14,0,23,0,13,0,6
checkstyle,com.puppycrawl.tools.checkstyle.checks.whitespace,FileTabCharacterCheck,0,49,0,6,0,14,0,6,0,3
checkstyle,com.puppycrawl.tools.checkstyle.checks.whitespace,AbstractParenPadCheck,0,144,0,26,0,27,0,17,0,4
checkstyle,com.puppycrawl.tools.checkstyle.checks.whitespace,MethodParamPadCheck,0,142,0,16,0,25,0,15,0,7
checkstyle,com.puppycrawl.tools.checkstyle.checks.whitespace,GenericWhitespaceCheck,0,416,0,87,0,78,0,60,0,16
checkstyle,com.puppycrawl.tools.checkstyle.checks.whitespace,TypecastParenPadCheck,0,43,0,6,0,10,0,8,0,5
checkstyle,com.puppycrawl.tools.checkstyle.checks.whitespace,NoLineWrapCheck,0,80,0,2,0,7,0,6,0,5
checkstyle,com.puppycrawl.tools.checkstyle.checks.whitespace,NoWhitespaceAfterCheck,0,482,0,66,0,115,0,52,0,16
checkstyle,com.puppycrawl.tools.checkstyle.checks.whitespace,EmptyLineSeparatorCheck,0,839,0,150,0,179,0,111,0,35
checkstyle,com.puppycrawl.tools.checkstyle.checks.whitespace,WrapOption,0,24,0,0,0,3,0,1,0,1
checkstyle,com.puppycrawl.tools.checkstyle.checks.whitespace,ParenPadCheck,0,323,0,42,0,76,0,38,0,15
checkstyle,com.puppycrawl.tools.checkstyle.checks.whitespace,OperatorWrapCheck,0,333,0,14,0,22,0,13,0,6
checkstyle,com.puppycrawl.tools.checkstyle.checks.whitespace,SeparatorWrapCheck,0,136,0,8,0,22,0,10,0,6
checkstyle,com.puppycrawl.tools.checkstyle.checks.whitespace,EmptyForIteratorPadCheck,0,90,0,12,0,19,0,12,0,6
checkstyle,com.puppycrawl.tools.checkstyle.checks.whitespace,EmptyForInitializerPadCheck,0,92,0,12,0,20,0,12,0,6
checkstyle,com.puppycrawl.tools.checkstyle.checks.whitespace,PadOption,0,24,0,0,0,3,0,1,0,1
checkstyle,com.puppycrawl.tools.checkstyle.checks.whitespace,WhitespaceAroundCheck,0,941,0,156,0,100,0,107,0,29
checkstyle,com.puppycrawl.tools.checkstyle.checks.whitespace,SingleSpaceSeparatorCheck,0,132,0,26,0,30,0,27,0,14
checkstyle,com.puppycrawl.tools.checkstyle.checks.whitespace,NoWhitespaceBeforeCheck,0,162,0,22,0,26,0,18,0,7
checkstyle,com.puppycrawl.tools.checkstyle.checks.modifier,InterfaceMemberImpliedModifierCheck,0,259,0,44,0,66,0,38,0,15
checkstyle,com.puppycrawl.tools.checkstyle.checks.modifier,ClassMemberImpliedModifierCheck,0,129,0,24,0,30,0,22,0,9
checkstyle,com.puppycrawl.tools.checkstyle.checks.modifier,ModifierOrderCheck,0,247,0,40,0,53,0,29,0,9
checkstyle,com.puppycrawl.tools.checkstyle.checks.modifier,RedundantModifierCheck,0,523,0,92,0,127,0,72,0,26
checkstyle,com.puppycrawl.tools.checkstyle.checks.coding,ArrayTrailingCommaCheck,0,53,0,10,0,14,0,11,0,6
checkstyle,com.puppycrawl.tools.checkstyle.checks.coding,ModifiedControlVariableCheck,0,426,0,36,0,101,0,44,0,23
checkstyle,com.puppycrawl.tools.checkstyle.checks.coding,RequireThisCheck.MethodFrame,0,7,0,0,0,3,0,2,0,2
checkstyle,com.puppycrawl.tools.checkstyle.checks.coding,MultipleStringLiteralsCheck,0,220,0,22,0,54,0,24,0,13
checkstyle,com.puppycrawl.tools.checkstyle.checks.coding,VariableDeclarationUsageDistanceCheck,0,792,0,152,0,253,0,104,0,24
checkstyle,com.puppycrawl.tools.checkstyle.checks.coding,FinalLocalVariableCheck.FinalVariableCandidate,0,6,0,0,0,3,0,1,0,1
checkstyle,com.puppycrawl.tools.checkstyle.checks.coding,IllegalTypeCheck,0,672,0,93,0,168,0,83,0,34
checkstyle,com.puppycrawl.tools.checkstyle.checks.coding,ExplicitInitializationCheck,0,231,0,46,0,49,0,34,0,11
checkstyle,com.puppycrawl.tools.checkstyle.checks.coding,PackageDeclarationCheck,0,89,0,8,0,24,0,13,0,9
checkstyle,com.puppycrawl.tools.checkstyle.checks.coding,IllegalThrowsCheck,0,150,0,14,0,32,0,17,0,10
checkstyle,com.puppycrawl.tools.checkstyle.checks.coding,MissingSwitchDefaultCheck,0,72,0,12,0,21,0,14,0,8
checkstyle,com.puppycrawl.tools.checkstyle.checks.coding,SuperFinalizeCheck,0,5,0,0,0,2,0,2,0,2
checkstyle,com.puppycrawl.tools.checkstyle.checks.coding,ReturnCountCheck,0,195,0,11,0,47,0,21,0,14
checkstyle,com.puppycrawl.tools.checkstyle.checks.coding,RequireThisCheck.CatchFrame,0,7,0,0,0,3,0,2,0,2
checkstyle,com.puppycrawl.tools.checkstyle.checks.coding,SuperCloneCheck,0,5,0,0,0,2,0,2,0,2
checkstyle,com.puppycrawl.tools.checkstyle.checks.coding,DeclarationOrderCheck.ScopeState,0,9,0,0,0,3,0,1,0,1
checkstyle,com.puppycrawl.tools.checkstyle.checks.coding,UnnecessarySemicolonInTryWithResourcesCheck,0,47,0,6,0,13,0,9,0,6
checkstyle,com.puppycrawl.tools.checkstyle.checks.coding,UnnecessarySemicolonInEnumerationCheck,0,45,0,6,0,10,0,9,0,6
checkstyle,com.puppycrawl.tools.checkstyle.checks.coding,IllegalTokenCheck,0,54,0,3,0,15,0,9,0,7
checkstyle,com.puppycrawl.tools.checkstyle.checks.coding,AvoidNoArgumentSuperConstructorCallCheck,0,33,0,4,0,8,0,7,0,5
checkstyle,com.puppycrawl.tools.checkstyle.checks.coding,IllegalTokenTextCheck,0,125,0,8,0,30,0,14,0,10
checkstyle,com.puppycrawl.tools.checkstyle.checks.coding,AbstractSuperCheck.MethodNode,0,19,0,0,0,8,0,4,0,4
checkstyle,com.puppycrawl.tools.checkstyle.checks.coding,DefaultComesLastCheck,0,100,0,20,0,26,0,17,0,7
checkstyle,com.puppycrawl.tools.checkstyle.checks.coding,EqualsAvoidNullCheck,0,609,0,97,0,155,0,80,0,28
checkstyle,com.puppycrawl.tools.checkstyle.checks.coding,CovariantEqualsCheck,0,122,0,16,0,30,0,14,0,6
checkstyle,com.puppycrawl.tools.checkstyle.checks.coding,OneStatementPerLineCheck,0,299,0,58,0,79,0,45,0,14
checkstyle,com.puppycrawl.tools.checkstyle.checks.coding,MagicNumberCheck,0,473,0,82,0,109,0,61,0,20
checkstyle,com.puppycrawl.tools.checkstyle.checks.coding,ParameterAssignmentCheck,0,218,0,19,0,49,0,24,0,13
checkstyle,com.puppycrawl.tools.checkstyle.checks.coding,ReturnCountCheck.Context,0,77,0,8,0,12,0,7,0,3
checkstyle,com.puppycrawl.tools.checkstyle.checks.coding,OverloadMethodsDeclarationOrderCheck,0,128,0,10,0,30,0,11,0,6
checkstyle,com.puppycrawl.tools.checkstyle.checks.coding,RequireThisCheck.BlockFrame,0,7,0,0,0,3,0,2,0,2
checkstyle,com.puppycrawl.tools.checkstyle.checks.coding,RequireThisCheck.AnonymousClassFrame,0,11,0,0,0,4,0,2,0,2
checkstyle,com.puppycrawl.tools.checkstyle.checks.coding,RequireThisCheck.FrameType,0,64,0,0,0,7,0,1,0,1
checkstyle,com.puppycrawl.tools.checkstyle.checks.coding,RequireThisCheck.ClassFrame,0,224,0,34,0,55,0,33,0,16
checkstyle,com.puppycrawl.tools.checkstyle.checks.coding,DeclarationOrderCheck,0,336,0,60,0,86,0,47,0,15
checkstyle,com.puppycrawl.tools.checkstyle.checks.coding,FallThroughCheck,0,399,0,68,0,106,0,54,0,16
checkstyle,com.puppycrawl.tools.checkstyle.checks.coding,MultipleVariableDeclarationsCheck,0,90,0,20,0,26,0,16,0,6
checkstyle,com.puppycrawl.tools.checkstyle.checks.coding,IllegalInstantiationCheck,0,362,0,49,0,92,0,43,0,17
checkstyle,com.puppycrawl.tools.checkstyle.checks.coding,NoEnumTrailingCommaCheck,0,37,0,4,0,10,0,7,0,5
checkstyle,com.puppycrawl.tools.checkstyle.checks.coding,FinalLocalVariableCheck.ScopeData,0,42,0,6,0,12,0,5,0,2
checkstyle,com.puppycrawl.tools.checkstyle.checks.coding,RequireThisCheck.ForFrame,0,7,0,0,0,3,0,2,0,2
checkstyle,com.puppycrawl.tools.checkstyle.checks.coding,UnnecessarySemicolonAfterOuterTypeDeclarationCheck,0,50,0,6,0,10,0,8,0,5
checkstyle,com.puppycrawl.tools.checkstyle.checks.coding,AvoidDoubleBraceInitializationCheck,0,87,0,12,0,18,0,14,0,8
checkstyle,com.puppycrawl.tools.checkstyle.checks.coding,InnerAssignmentCheck,0,435,0,24,0,45,0,23,0,11
checkstyle,com.puppycrawl.tools.checkstyle.checks.coding,NoFinalizerCheck,0,48,0,6,0,13,0,8,0,5
checkstyle,com.puppycrawl.tools.checkstyle.checks.coding,EmptyStatementCheck,0,23,0,0,0,6,0,5,0,5
checkstyle,com.puppycrawl.tools.checkstyle.checks.coding,RequireThisCheck,0,1535,0,285,0,397,0,193,0,44
checkstyle,com.puppycrawl.tools.checkstyle.checks.coding,NestedForDepthCheck,0,64,0,2,0,15,0,9,0,8
checkstyle,com.puppycrawl.tools.checkstyle.checks.coding,UnnecessaryParenthesesCheck,0,607,0,62,0,69,0,43,0,12
checkstyle,com.puppycrawl.tools.checkstyle.checks.coding,NestedTryDepthCheck,0,64,0,2,0,15,0,9,0,8
checkstyle,com.puppycrawl.tools.checkstyle.checks.coding,NestedIfDepthCheck,0,70,0,6,0,17,0,11,0,8
checkstyle,com.puppycrawl.tools.checkstyle.checks.coding,UnnecessarySemicolonAfterTypeMemberDeclarationCheck,0,169,0,24,0,31,0,23,0,10
checkstyle,com.puppycrawl.tools.checkstyle.checks.coding,EqualsHashCodeCheck,0,178,0,26,0,40,0,26,0,13
checkstyle,com.puppycrawl.tools.checkstyle.checks.coding,SimplifyBooleanExpressionCheck,0,34,0,2,0,9,0,6,0,5
checkstyle,com.puppycrawl.tools.checkstyle.checks.coding,EqualsAvoidNullCheck.FieldFrame,0,97,0,6,0,30,0,16,0,13
checkstyle,com.puppycrawl.tools.checkstyle.checks.coding,StringLiteralEqualityCheck,0,46,0,6,0,10,0,8,0,5
checkstyle,com.puppycrawl.tools.checkstyle.checks.coding,RequireThisCheck.AbstractFrame,0,92,0,12,0,26,0,15,0,9
checkstyle,com.puppycrawl.tools.checkstyle.checks.coding,HiddenFieldCheck.FieldFrame,0,94,0,18,0,24,0,16,0,7
checkstyle,com.puppycrawl.tools.checkstyle.checks.coding,MissingCtorCheck,0,37,0,4,0,10,0,7,0,5
checkstyle,com.puppycrawl.tools.checkstyle.checks.coding,HiddenFieldCheck,0,570,0,119,0,136,0,85,0,25
checkstyle,com.puppycrawl.tools.checkstyle.checks.coding,FinalLocalVariableCheck,0,1155,0,192,0,233,0,136,0,36
checkstyle,com.puppycrawl.tools.checkstyle.checks.coding,NoCloneCheck,0,48,0,6,0,13,0,8,0,5
checkstyle,com.puppycrawl.tools.checkstyle.checks.coding,NoArrayTrailingCommaCheck,0,36,0,4,0,9,0,7,0,5
checkstyle,com.puppycrawl.tools.checkstyle.checks.coding,RequireThisCheck.ConstructorFrame,0,7,0,0,0,3,0,2,0,2
checkstyle,com.puppycrawl.tools.checkstyle.checks.coding,IllegalCatchCheck,0,144,0,8,0,31,0,11,0,7
checkstyle,com.puppycrawl.tools.checkstyle.checks.coding,AvoidInlineConditionalsCheck,0,23,0,0,0,6,0,5,0,5
checkstyle,com.puppycrawl.tools.checkstyle.checks.coding,AbstractSuperCheck,0,210,0,40,0,57,0,32,0,12
checkstyle,com.puppycrawl.tools.checkstyle.checks.coding,SimplifyBooleanReturnCheck,0,105,0,22,0,29,0,19,0,8
checkstyle,com.puppycrawl.tools.checkstyle.checks,NoCodeInFileCheck,0,20,0,2,0,7,0,6,0,5
checkstyle,com.puppycrawl.tools.checkstyle.checks,TranslationCheck.ResourceBundle,0,60,0,4,0,19,0,9,0,7
checkstyle,com.puppycrawl.tools.checkstyle.checks,FinalParametersCheck,0,203,0,20,0,52,0,21,0,11
checkstyle,com.puppycrawl.tools.checkstyle.checks,AvoidEscapedUnicodeCharactersCheck,0,232,0,34,0,57,0,34,0,17
checkstyle,com.puppycrawl.tools.checkstyle.checks,UpperEllCheck,0,28,0,2,0,7,0,6,0,5
checkstyle,com.puppycrawl.tools.checkstyle.checks,SuppressWarningsHolder,0,562,0,84,0,146,0,70,0,25
checkstyle,com.puppycrawl.tools.checkstyle.checks,SuppressWarningsHolder.Entry,0,33,0,0,0,12,0,6,0,6
checkstyle,com.puppycrawl.tools.checkstyle.checks,UniquePropertiesCheck,0,150,0,8,0,33,0,9,0,5
checkstyle,com.puppycrawl.tools.checkstyle.checks,TranslationCheck,0,675,0,50,0,159,0,49,0,24
checkstyle,com.puppycrawl.tools.checkstyle.checks,TrailingCommentCheck,0,179,0,18,0,43,0,18,0,9
checkstyle,com.puppycrawl.tools.checkstyle.checks,DescendantTokenCheck,0,358,0,34,0,82,0,33,0,16
checkstyle,com.puppycrawl.tools.checkstyle.checks,TodoCommentCheck,0,66,0,4,0,13,0,9,0,7
checkstyle,com.puppycrawl.tools.checkstyle.checks,NewlineAtEndOfFileCheck,0,129,0,10,0,28,0,10,0,5
checkstyle,com.puppycrawl.tools.checkstyle.checks,OuterTypeFilenameCheck,0,119,0,12,0,28,0,15,0,9
checkstyle,com.puppycrawl.tools.checkstyle.checks,OrderedPropertiesCheck.SequencedProperties,0,22,0,0,0,5,0,3,0,3
checkstyle,com.puppycrawl.tools.checkstyle.checks,ArrayTypeStyleCheck,0,89,0,22,0,19,0,17,0,6
checkstyle,com.puppycrawl.tools.checkstyle.checks,UncommentedMainCheck,0,253,0,38,0,65,0,37,0,17
checkstyle,com.puppycrawl.tools.checkstyle.checks,LineSeparatorOption,0,97,0,6,0,14,0,7,0,4
checkstyle,com.puppycrawl.tools.checkstyle.checks,UniquePropertiesCheck.UniqueProperties,0,42,0,4,0,9,0,6,0,4
checkstyle,com.puppycrawl.tools.checkstyle.checks,OrderedPropertiesCheck,0,158,0,8,0,37,0,10,0,6
checkstyle,com.puppycrawl.tools.checkstyle.checks.blocks,BlockOption,0,24,0,0,0,3,0,1,0,1
checkstyle,com.puppycrawl.tools.checkstyle.checks.blocks,EmptyCatchBlockCheck,0,186,0,26,0,51,0,27,0,14
checkstyle,com.puppycrawl.tools.checkstyle.checks.blocks,NeedBracesCheck,0,419,0,74,0,103,0,67,0,26
checkstyle,com.puppycrawl.tools.checkstyle.checks.blocks,RightCurlyCheck.Details,0,268,0,32,0,76,0,27,0,10
checkstyle,com.puppycrawl.tools.checkstyle.checks.blocks,RightCurlyOption,0,34,0,0,0,4,0,1,0,1
checkstyle,com.puppycrawl.tools.checkstyle.checks.blocks,RightCurlyCheck,0,374,0,66,0,60,0,50,0,17
checkstyle,com.puppycrawl.tools.checkstyle.checks.blocks,LeftCurlyCheck,0,488,0,64,0,90,0,49,0,15
checkstyle,com.puppycrawl.tools.checkstyle.checks.blocks,LeftCurlyOption,0,34,0,0,0,4,0,1,0,1
checkstyle,com.puppycrawl.tools.checkstyle.checks.blocks,EmptyBlockCheck,0,342,0,44,0,62,0,31,0,9
checkstyle,com.puppycrawl.tools.checkstyle.checks.blocks,AvoidNestedBlocksCheck,0,50,0,10,0,12,0,12,0,7
checkstyle,com.puppycrawl.tools.checkstyle.checks.header,HeaderCheck,0,108,0,14,0,20,0,14,0,7
checkstyle,com.puppycrawl.tools.checkstyle.checks.header,RegexpHeaderCheck,0,259,0,38,0,58,0,29,0,10
checkstyle,com.puppycrawl.tools.checkstyle.checks.header,AbstractHeaderCheck,0,188,0,16,0,51,0,19,0,11
checkstyle,com.puppycrawl.tools.checkstyle.checks.sizes,LineLengthCheck,0,79,0,8,0,16,0,9,0,5
checkstyle,com.puppycrawl.tools.checkstyle.checks.sizes,ExecutableStatementCountCheck,0,217,0,24,0,45,0,25,0,12
checkstyle,com.puppycrawl.tools.checkstyle.checks.sizes,MethodCountCheck.MethodCounter,0,74,0,6,0,16,0,8,0,5
checkstyle,com.puppycrawl.tools.checkstyle.checks.sizes,MethodLengthCheck,0,114,0,12,0,26,0,14,0,8
checkstyle,com.puppycrawl.tools.checkstyle.checks.sizes,MethodCountCheck,0,222,0,12,0,48,0,21,0,15
checkstyle,com.puppycrawl.tools.checkstyle.checks.sizes,ParameterNumberCheck,0,83,0,10,0,18,0,13,0,8
checkstyle,com.puppycrawl.tools.checkstyle.checks.sizes,OuterTypeNumberCheck,0,93,0,4,0,19,0,11,0,9
checkstyle,com.puppycrawl.tools.checkstyle.checks.sizes,AnonInnerLengthCheck,0,63,0,4,0,16,0,8,0,6
checkstyle,com.puppycrawl.tools.checkstyle.checks.sizes,ExecutableStatementCountCheck.Context,0,22,0,0,0,8,0,4,0,4
checkstyle,com.puppycrawl.tools.checkstyle.checks.sizes,LambdaBodyLengthCheck,0,102,0,10,0,27,0,14,0,9
checkstyle,com.puppycrawl.tools.checkstyle.checks.sizes,RecordComponentNumberCheck,0,122,0,6,0,28,0,14,0,11
checkstyle,com.puppycrawl.tools.checkstyle.checks.sizes,FileLengthCheck,0,34,0,2,0,7,0,4,0,3
checkstyle,com.puppycrawl.tools.checkstyle.filefilters,BeforeExecutionExclusionFileFilter,0,21,0,4,0,5,0,6,0,4
checkstyle,com.puppycrawl.tools.checkstyle.api,AbstractFileSetCheck,0,254,0,8,0,59,0,24,0,20
checkstyle,com.puppycrawl.tools.checkstyle.api,AutomaticBean.UriConverter,0,20,0,2,0,8,0,2,0,1
checkstyle,com.puppycrawl.tools.checkstyle.api,AbstractViolationReporter,0,67,0,2,0,20,0,11,0,10
checkstyle,com.puppycrawl.tools.checkstyle.api,FullIdent,0,115,0,8,0,30,0,15,0,11
checkstyle,com.puppycrawl.tools.checkstyle.api,LocalizedMessage,0,454,0,46,0,93,0,47,0,24
checkstyle,com.puppycrawl.tools.checkstyle.api,Comment,0,125,0,4,0,19,0,10,0,8
checkstyle,com.puppycrawl.tools.checkstyle.api,AutomaticBean.RelaxedAccessModifierArrayConverter,0,33,0,2,0,9,0,3,0,2
checkstyle,com.puppycrawl.tools.checkstyle.api,FileContents,0,385,0,34,0,77,0,38,0,21
checkstyle,com.puppycrawl.tools.checkstyle.api,Scope,0,88,0,2,0,11,0,6,0,5
checkstyle,com.puppycrawl.tools.checkstyle.api,CheckstyleException,0,9,0,0,0,4,0,2,0,2
checkstyle,com.puppycrawl.tools.checkstyle.api,LineColumn,0,88,0,12,0,18,0,12,0,6
checkstyle,com.puppycrawl.tools.checkstyle.api,FilterSet,0,55,0,4,0,17,0,9,0,7
checkstyle,com.puppycrawl.tools.checkstyle.api,AutomaticBean.PatternConverter,0,4,0,0,0,1,0,1,0,1
checkstyle,com.puppycrawl.tools.checkstyle.api,SeverityLevel,0,60,0,0,0,9,0,4,0,4
checkstyle,com.puppycrawl.tools.checkstyle.api,AutomaticBean.ScopeConverter,0,4,0,0,0,1,0,1,0,1
checkstyle,com.puppycrawl.tools.checkstyle.api,FileText,0,310,0,18,0,77,0,22,0,13
checkstyle,com.puppycrawl.tools.checkstyle.api,AuditEvent,0,58,0,2,0,19,0,12,0,11
checkstyle,com.puppycrawl.tools.checkstyle.api,AbstractCheck,0,209,0,0,0,54,0,22,0,22
checkstyle,com.puppycrawl.tools.checkstyle.api,BeforeExecutionFileFilterSet,0,55,0,4,0,17,0,9,0,7
checkstyle,com.puppycrawl.tools.checkstyle.api,AbstractFileSetCheck.FileContext,0,8,0,0,0,2,0,1,0,1
checkstyle,com.puppycrawl.tools.checkstyle.api,AutomaticBean.RelaxedStringArrayConverter,0,28,0,2,0,8,0,2,0,1
checkstyle,com.puppycrawl.tools.checkstyle.api,AutomaticBean.SeverityLevelConverter,0,4,0,0,0,1,0,1,0,1
checkstyle,com.puppycrawl.tools.checkstyle.api,AbstractCheck.FileContext,0,8,0,0,0,2,0,1,0,1
checkstyle,com.puppycrawl.tools.checkstyle.api,SeverityLevelCounter,0,49,0,6,0,18,0,11,0,8
checkstyle,com.puppycrawl.tools.checkstyle.api,AutomaticBean.OutputStreamOptions,0,24,0,0,0,3,0,1,0,1
checkstyle,com.puppycrawl.tools.checkstyle.api,LocalizedMessage.Utf8Control,0,50,0,6,0,13,0,5,0,2
checkstyle,com.puppycrawl.tools.checkstyle.api,AutomaticBean,0,418,0,12,0,74,0,15,0,9
checkstyle,com.puppycrawl.tools.checkstyle.checks.imports,ImportOrderOption,0,54,0,0,0,6,0,1,0,1
checkstyle,com.puppycrawl.tools.checkstyle.checks.imports,ImportControlLoader,0,398,0,30,0,91,0,28,0,13
checkstyle,com.puppycrawl.tools.checkstyle.checks.imports,CustomImportOrderCheck,0,814,0,108,0,184,0,86,0,32
checkstyle,com.puppycrawl.tools.checkstyle.checks.imports,MismatchStrategy,0,34,0,0,0,4,0,1,0,1
checkstyle,com.puppycrawl.tools.checkstyle.checks.imports,UnusedImportsCheck,0,402,0,34,0,83,0,39,0,22
checkstyle,com.puppycrawl.tools.checkstyle.checks.imports,ImportControlCheck,0,190,0,18,0,43,0,20,0,11
checkstyle,com.puppycrawl.tools.checkstyle.checks.imports,AccessResult,0,34,0,0,0,4,0,1,0,1
checkstyle,com.puppycrawl.tools.checkstyle.checks.imports,IllegalImportCheck,0,262,0,28,0,54,0,25,0,11
checkstyle,com.puppycrawl.tools.checkstyle.checks.imports,AvoidStaticImportCheck,0,119,0,16,0,31,0,16,0,8
checkstyle,com.puppycrawl.tools.checkstyle.checks.imports,CustomImportOrderCheck.RuleMatchForImport,0,12,0,0,0,5,0,1,0,1
checkstyle,com.puppycrawl.tools.checkstyle.checks.imports,ClassImportRule,0,27,0,2,0,7,0,3,0,2
checkstyle,com.puppycrawl.tools.checkstyle.checks.imports,FileImportControl,0,73,0,8,0,20,0,9,0,5
checkstyle,com.puppycrawl.tools.checkstyle.checks.imports,AbstractImportRule,0,32,0,4,0,13,0,6,0,4
checkstyle,com.puppycrawl.tools.checkstyle.checks.imports,PkgImportControl,0,251,0,24,0,57,0,25,0,13
checkstyle,com.puppycrawl.tools.checkstyle.checks.imports,RedundantImportCheck,0,200,0,10,0,33,0,16,0,11
checkstyle,com.puppycrawl.tools.checkstyle.checks.imports,ImportOrderCheck,0,740,0,144,0,152,0,100,0,28
checkstyle,com.puppycrawl.tools.checkstyle.checks.imports,PkgImportRule,0,84,0,14,0,13,0,9,0,2
checkstyle,com.puppycrawl.tools.checkstyle.checks.imports,AvoidStarImportCheck,0,123,0,14,0,28,0,16,0,9
checkstyle,com.puppycrawl.tools.checkstyle.checks.imports,CustomImportOrderCheck.ImportDetails,0,36,0,0,0,12,0,7,0,7
checkstyle,com.puppycrawl.tools.checkstyle.checks.imports,AbstractImportControl,0,101,0,18,0,29,0,13,0,4
checkstyle,com.puppycrawl.tools.checkstyle.checks.javadoc.utils,TagInfo,0,21,0,0,0,8,0,4,0,4
checkstyle,com.puppycrawl.tools.checkstyle.checks.javadoc.utils,BlockTagUtil,0,99,0,10,0,22,0,7,0,2
checkstyle,com.puppycrawl.tools.checkstyle.checks.javadoc.utils,InlineTagUtil,0,170,0,10,0,34,0,11,0,6
checkstyle,com.puppycrawl.tools.checkstyle.grammar,GeneratedTextBlockLexer,46,1390,24,88,9,210,21,55,0,16
checkstyle,com.puppycrawl.tools.checkstyle.grammar,GeneratedJavaRecognizer,1405,21786,475,1341,165,5301,468,760,0,242
checkstyle,com.puppycrawl.tools.checkstyle.grammar,GeneratedJavaLexer,593,10307,431,1697,54,1700,432,779,2,100
