GROUP,PACKAGE,CLASS,INSTRUCTION_MISSED,INSTRUCTION_COVERED,BRANCH_MISSED,BRANCH_COVERED,LINE_MISSED,LINE_COVERED,COMPLEXITY_MISSED,COMPLEXITY_COVERED,METHOD_MISSED,METHOD_COVERED
checkstyle,com.puppycrawl.tools.checkstyle.checks.metrics,JavaNCSSCheck.Counter,0,10,0,0,0,3,0,2,0,2
checkstyle,com.puppycrawl.tools.checkstyle.checks.metrics,BooleanExpressionComplexityCheck,0,246,0,21,0,43,0,26,0,13
checkstyle,com.puppycrawl.tools.checkstyle.checks.metrics,NPathComplexityCheck,0,558,0,53,0,148,0,57,0,24
checkstyle,com.puppycrawl.tools.checkstyle.checks.metrics,NPathComplexityCheck.TokenEnd,0,42,0,8,0,10,0,7,0,3
checkstyle,com.puppycrawl.tools.checkstyle.checks.metrics,AbstractClassCouplingCheck,0,546,0,14,0,86,0,31,0,21
checkstyle,com.puppycrawl.tools.checkstyle.checks.metrics,ClassFanOutComplexityCheck,0,64,0,0,0,5,0,4,0,4
checkstyle,com.puppycrawl.tools.checkstyle.checks.metrics,CyclomaticComplexityCheck,0,265,0,12,0,41,0,21,0,15
checkstyle,com.puppycrawl.tools.checkstyle.checks.metrics,NPathComplexityCheck.Values,0,15,0,0,0,6,0,3,0,3
checkstyle,com.puppycrawl.tools.checkstyle.checks.metrics,BooleanExpressionComplexityCheck.Context,0,55,0,4,0,11,0,6,0,4
checkstyle,com.puppycrawl.tools.checkstyle.checks.metrics,ClassDataAbstractionCouplingCheck,0,40,0,0,0,5,0,4,0,4
checkstyle,com.puppycrawl.tools.checkstyle.checks.metrics,JavaNCSSCheck,0,422,0,50,0,73,0,41,0,16
checkstyle,com.puppycrawl.tools.checkstyle.checks.metrics,AbstractClassCouplingCheck.ClassContext,0,254,0,30,0,60,0,26,0,11
checkstyle,com.puppycrawl.tools.checkstyle.checks.annotation,AnnotationUseStyleCheck.ElementStyleOption,0,44,0,0,0,5,0,1,0,1
checkstyle,com.puppycrawl.tools.checkstyle.checks.annotation,AnnotationOnSameLineCheck,0,188,0,16,0,27,0,15,0,7
checkstyle,com.puppycrawl.tools.checkstyle.checks.annotation,MissingOverrideCheck,0,128,0,26,0,36,0,21,0,8
checkstyle,com.puppycrawl.tools.checkstyle.checks.annotation,PackageAnnotationCheck,0,34,0,4,0,11,0,7,0,5
checkstyle,com.puppycrawl.tools.checkstyle.checks.annotation,MissingDeprecatedCheck,0,166,0,20,0,34,0,17,0,7
checkstyle,com.puppycrawl.tools.checkstyle.checks.annotation,AnnotationUseStyleCheck,0,319,0,54,0,88,0,45,0,17
checkstyle,com.puppycrawl.tools.checkstyle.checks.annotation,AnnotationUseStyleCheck.ClosingParensOption,0,34,0,0,0,4,0,1,0,1
checkstyle,com.puppycrawl.tools.checkstyle.checks.annotation,AnnotationUseStyleCheck.TrailingArrayCommaOption,0,34,0,0,0,4,0,1,0,1
checkstyle,com.puppycrawl.tools.checkstyle.checks.annotation,AnnotationLocationCheck,0,307,0,44,0,54,0,39,0,17
checkstyle,com.puppycrawl.tools.checkstyle.checks.annotation,SuppressWarningsCheck,0,227,0,24,0,62,0,26,0,13
checkstyle,com.puppycrawl.tools.checkstyle.checks.indentation,ArrayInitHandler,0,183,0,16,0,42,0,19,0,11
checkstyle,com.puppycrawl.tools.checkstyle.checks.indentation,IndexHandler,0,8,0,0,0,3,0,2,0,2
checkstyle,com.puppycrawl.tools.checkstyle.checks.indentation,LineWrappingHandler,0,524,0,84,0,129,0,60,0,18
checkstyle,com.puppycrawl.tools.checkstyle.checks.indentation,DoWhileHandler,0,53,0,4,0,13,0,6,0,4
checkstyle,com.puppycrawl.tools.checkstyle.checks.indentation,SlistHandler,0,144,0,18,0,23,0,19,0,10
checkstyle,com.puppycrawl.tools.checkstyle.checks.indentation,MethodDefHandler,0,142,0,24,0,43,0,21,0,8
checkstyle,com.puppycrawl.tools.checkstyle.checks.indentation,ElseHandler,0,35,0,4,0,11,0,5,0,3
checkstyle,com.puppycrawl.tools.checkstyle.checks.indentation,SwitchHandler,0,38,0,0,0,13,0,7,0,7
checkstyle,com.puppycrawl.tools.checkstyle.checks.indentation,LabelHandler,0,71,0,0,0,13,0,5,0,5
checkstyle,com.puppycrawl.tools.checkstyle.checks.indentation,WhileHandler,0,37,0,0,0,10,0,3,0,3
checkstyle,com.puppycrawl.tools.checkstyle.checks.indentation,PrimordialHandler,0,16,0,0,0,5,0,4,0,4
checkstyle,com.puppycrawl.tools.checkstyle.checks.indentation,YieldHandler,0,48,0,6,0,12,0,6,0,3
checkstyle,com.puppycrawl.tools.checkstyle.checks.indentation,CaseHandler,0,50,0,0,0,10,0,6,0,6
checkstyle,com.puppycrawl.tools.checkstyle.checks.indentation,TryHandler,0,214,0,30,0,53,0,24,0,9
checkstyle,com.puppycrawl.tools.checkstyle.checks.indentation,ClassDefHandler,0,147,0,15,0,38,0,17,0,8
checkstyle,com.puppycrawl.tools.checkstyle.checks.indentation,ObjectBlockHandler,0,80,0,6,0,21,0,12,0,9
checkstyle,com.puppycrawl.tools.checkstyle.checks.indentation,MemberDefHandler,0,112,0,18,0,29,0,16,0,7
checkstyle,com.puppycrawl.tools.checkstyle.checks.indentation,IndentationCheck,0,167,0,2,0,54,0,26,0,25
checkstyle,com.puppycrawl.tools.checkstyle.checks.indentation,AnnotationArrayInitHandler,0,185,0,14,0,41,0,19,0,12
checkstyle,com.puppycrawl.tools.checkstyle.checks.indentation,AbstractExpressionHandler,0,600,0,92,0,150,0,77,0,31
checkstyle,com.puppycrawl.tools.checkstyle.checks.indentation,FinallyHandler,0,7,0,0,0,2,0,1,0,1
checkstyle,com.puppycrawl.tools.checkstyle.checks.indentation,CommentsIndentationCheck,0,1223,0,288,0,282,0,191,0,47
checkstyle,com.puppycrawl.tools.checkstyle.checks.indentation,ImportHandler,0,39,0,4,0,8,0,4,0,2
checkstyle,com.puppycrawl.tools.checkstyle.checks.indentation,StaticInitHandler,0,7,0,0,0,2,0,1,0,1
checkstyle,com.puppycrawl.tools.checkstyle.checks.indentation,PackageDefHandler,0,39,0,4,0,8,0,4,0,2
checkstyle,com.puppycrawl.tools.checkstyle.checks.indentation,DetailAstSet,0,80,0,2,0,21,0,10,0,9
checkstyle,com.puppycrawl.tools.checkstyle.checks.indentation,SwitchRuleHandler,0,50,0,0,0,10,0,6,0,6
checkstyle,com.puppycrawl.tools.checkstyle.checks.indentation,LineWrappingHandler.LineWrappingOptions,0,32,0,2,0,7,0,3,0,2
checkstyle,com.puppycrawl.tools.checkstyle.checks.indentation,MethodCallHandler,0,318,0,34,0,77,0,27,0,10
checkstyle,com.puppycrawl.tools.checkstyle.checks.indentation,ForHandler,0,84,0,2,0,23,0,5,0,4
checkstyle,com.puppycrawl.tools.checkstyle.checks.indentation,SynchronizedHandler,0,65,0,4,0,17,0,7,0,5
checkstyle,com.puppycrawl.tools.checkstyle.checks.indentation,LambdaHandler,0,227,0,30,0,49,0,21,0,6
checkstyle,com.puppycrawl.tools.checkstyle.checks.indentation,HandlerFactory,0,319,0,10,0,74,0,12,0,7
checkstyle,com.puppycrawl.tools.checkstyle.checks.indentation,IfHandler,0,98,0,10,0,27,0,13,0,8
checkstyle,com.puppycrawl.tools.checkstyle.checks.indentation,NewHandler,0,196,0,22,0,34,0,18,0,7
checkstyle,com.puppycrawl.tools.checkstyle.checks.indentation,IndentLevel,0,196,0,16,0,36,0,19,0,11
checkstyle,com.puppycrawl.tools.checkstyle.checks.indentation,CatchHandler,0,26,0,0,0,9,0,3,0,3
checkstyle,com.puppycrawl.tools.checkstyle.checks.indentation,BlockParentHandler,0,399,0,46,0,75,0,44,0,21
checkstyle,com.puppycrawl.tools.checkstyle.xpath,ElementNode.FollowingEnumeration,0,45,0,6,0,14,0,5,0,2
checkstyle,com.puppycrawl.tools.checkstyle.xpath,AbstractNode,0,92,0,6,0,36,0,32,0,29
checkstyle,com.puppycrawl.tools.checkstyle.xpath,ElementNode,0,328,0,33,0,94,0,45,0,23
checkstyle,com.puppycrawl.tools.checkstyle.xpath,AttributeNode,0,47,0,0,0,20,0,17,0,17
checkstyle,com.puppycrawl.tools.checkstyle.xpath,RootNode,0,110,0,12,0,36,0,25,0,17
checkstyle,com.puppycrawl.tools.checkstyle.xpath,XpathQueryGenerator,0,374,0,56,0,111,0,47,0,17
checkstyle,com.puppycrawl.tools.checkstyle.filters,SuppressWithNearbyCommentFilter.Tag,0,342,0,42,0,64,0,31,0,10
checkstyle,com.puppycrawl.tools.checkstyle.filters,SuppressWithNearbyCommentFilter,0,213,0,20,0,66,0,27,0,17
checkstyle,com.puppycrawl.tools.checkstyle.filters,SuppressWarningsFilter,0,11,0,2,0,3,0,4,0,3
checkstyle,com.puppycrawl.tools.checkstyle.filters,SuppressWithPlainTextCommentFilter,0,200,0,16,0,52,0,23,0,15
checkstyle,com.puppycrawl.tools.checkstyle.filters,CsvFilterElement,0,124,0,14,0,34,0,13,0,6
checkstyle,com.puppycrawl.tools.checkstyle.filters,XpathFilterElement,0,419,0,72,0,94,0,45,0,9
checkstyle,com.puppycrawl.tools.checkstyle.filters,SuppressionsLoader,0,317,0,16,0,72,0,18,0,10
checkstyle,com.puppycrawl.tools.checkstyle.filters,SuppressionCommentFilter.TagType,0,24,0,0,0,3,0,1,0,1
checkstyle,com.puppycrawl.tools.checkstyle.filters,IntMatchFilterElement,0,48,0,6,0,10,0,8,0,5
checkstyle,com.puppycrawl.tools.checkstyle.filters,SeverityMatchFilter,0,35,0,4,0,10,0,7,0,5
checkstyle,com.puppycrawl.tools.checkstyle.filters,SuppressFilterElement,0,353,0,76,0,75,0,46,0,8
checkstyle,com.puppycrawl.tools.checkstyle.filters,SuppressionCommentFilter.Tag,0,331,0,40,0,62,0,32,0,12
checkstyle,com.puppycrawl.tools.checkstyle.filters,SuppressionFilter,0,53,0,6,0,15,0,9,0,6
checkstyle,com.puppycrawl.tools.checkstyle.filters,SuppressWithPlainTextCommentFilter.SuppressionType,0,24,0,0,0,3,0,1,0,1
checkstyle,com.puppycrawl.tools.checkstyle.filters,SuppressWithPlainTextCommentFilter.Suppression,0,271,0,42,0,59,0,29,0,8
checkstyle,com.puppycrawl.tools.checkstyle.filters,SuppressionSingleFilter,0,51,0,0,0,16,0,9,0,9
checkstyle,com.puppycrawl.tools.checkstyle.filters,IntRangeFilterElement,0,74,0,14,0,14,0,11,0,4
checkstyle,com.puppycrawl.tools.checkstyle.filters,SuppressionXpathFilter,0,103,0,16,0,28,0,16,0,8
checkstyle,com.puppycrawl.tools.checkstyle.filters,SuppressionXpathSingleFilter,0,65,0,6,0,20,0,11,0,8
checkstyle,com.puppycrawl.tools.checkstyle.filters,SuppressionCommentFilter,0,264,0,30,0,73,0,32,0,17
checkstyle,com.puppycrawl.tools.checkstyle.checks.design,FinalClassCheck,0,324,0,55,0,76,0,44,0,15
checkstyle,com.puppycrawl.tools.checkstyle.checks.design,MutableExceptionCheck,0,163,0,19,0,43,0,23,0,13
checkstyle,com.puppycrawl.tools.checkstyle.checks.design,VisibilityModifierCheck,0,851,0,129,0,202,0,105,0,40
checkstyle,com.puppycrawl.tools.checkstyle.checks.design,HideUtilityClassConstructorCheck.Details,0,106,0,20,0,37,0,16,0,6
checkstyle,com.puppycrawl.tools.checkstyle.checks.design,OneTopLevelClassCheck,0,97,0,16,0,27,0,15,0,7
checkstyle,com.puppycrawl.tools.checkstyle.checks.design,FinalClassCheck.ClassDesc,0,49,0,0,0,20,0,12,0,12
checkstyle,com.puppycrawl.tools.checkstyle.checks.design,InterfaceIsTypeCheck,0,55,0,8,0,17,0,10,0,6
checkstyle,com.puppycrawl.tools.checkstyle.checks.design,ThrowsCountCheck,0,145,0,20,0,38,0,21,0,11
checkstyle,com.puppycrawl.tools.checkstyle.checks.design,DesignForExtensionCheck,0,385,0,74,0,102,0,59,0,22
checkstyle,com.puppycrawl.tools.checkstyle.checks.design,HideUtilityClassConstructorCheck,0,100,0,24,0,24,0,19,0,7
checkstyle,com.puppycrawl.tools.checkstyle.checks.design,InnerTypeLastCheck,0,106,0,10,0,26,0,13,0,8
checkstyle,com.puppycrawl.tools.checkstyle.ant,CheckstyleAntTask.FormatterType,0,19,0,0,0,3,0,3,0,3
checkstyle,com.puppycrawl.tools.checkstyle.ant,CheckstyleAntTask.Property,0,22,0,0,0,9,0,6,0,6
checkstyle,com.puppycrawl.tools.checkstyle.ant,CheckstyleAntTask.Formatter,0,108,0,12,0,22,0,13,0,7
checkstyle,com.puppycrawl.tools.checkstyle.ant,CheckstyleAntTask,0,866,0,52,0,186,0,54,0,28
checkstyle,com.puppycrawl.tools.checkstyle.grammar.javadoc,JavadocParser.DtTagStartContext,71,8,2,0,15,3,15,1,14,1
checkstyle,com.puppycrawl.tools.checkstyle.grammar.javadoc,JavadocParser.RtcTagStartContext,71,8,2,0,15,3,15,1,14,1
checkstyle,com.puppycrawl.tools.checkstyle.grammar.javadoc,JavadocParser.JavadocInlineTagContext,111,7,2,0,22,3,22,2,21,2
checkstyle,com.puppycrawl.tools.checkstyle.grammar.javadoc,JavadocParser.OptgroupTagEndContext,61,5,2,0,13,2,13,1,12,1
checkstyle,com.puppycrawl.tools.checkstyle.grammar.javadoc,JavadocParser.EmbedTagContext,71,5,2,0,15,2,15,1,14,1
checkstyle,com.puppycrawl.tools.checkstyle.grammar.javadoc,JavadocParser.HtmlTagContext,82,7,2,0,16,3,16,2,15,2
checkstyle,com.puppycrawl.tools.checkstyle.grammar.javadoc,JavadocParser.LiContext,474,5,2,0,95,2,95,1,94,1
checkstyle,com.puppycrawl.tools.checkstyle.grammar.javadoc,JavadocParser.EmptyTagContext,141,5,2,0,29,2,29,1,28,1
checkstyle,com.puppycrawl.tools.checkstyle.grammar.javadoc,JavadocParser.AttributeContext,66,5,2,0,14,2,14,1,13,1
checkstyle,com.puppycrawl.tools.checkstyle.grammar.javadoc,JavadocParser.OptionTagEndContext,61,5,2,0,13,2,13,1,12,1
checkstyle,com.puppycrawl.tools.checkstyle.grammar.javadoc,JavadocParser.TdTagStartContext,71,8,2,0,15,3,15,1,14,1
checkstyle,com.puppycrawl.tools.checkstyle.grammar.javadoc,JavadocParser.TbodyTagEndContext,61,5,2,0,13,2,13,1,12,1
checkstyle,com.puppycrawl.tools.checkstyle.grammar.javadoc,JavadocParser.DdTagEndContext,61,5,2,0,13,2,13,1,12,1
checkstyle,com.puppycrawl.tools.checkstyle.grammar.javadoc,JavadocParser.RtcTagEndContext,61,5,2,0,13,2,13,1,12,1
checkstyle,com.puppycrawl.tools.checkstyle.grammar.javadoc,JavadocParser.TextContext,32,5,2,0,7,2,7,1,6,1
checkstyle,com.puppycrawl.tools.checkstyle.grammar.javadoc,JavadocParser.LinkTagContext,71,5,2,0,15,2,15,1,14,1
checkstyle,com.puppycrawl.tools.checkstyle.grammar.javadoc,JavadocParser.JavadocTagContext,157,7,2,0,31,3,31,2,30,2
checkstyle,com.puppycrawl.tools.checkstyle.grammar.javadoc,JavadocParser.ParagraphContext,474,5,2,0,95,2,95,1,94,1
checkstyle,com.puppycrawl.tools.checkstyle.grammar.javadoc,JavadocParser.TdTagEndContext,61,5,2,0,13,2,13,1,12,1
checkstyle,com.puppycrawl.tools.checkstyle.grammar.javadoc,JavadocParser.DdContext,474,5,2,0,95,2,95,1,94,1
checkstyle,com.puppycrawl.tools.checkstyle.grammar.javadoc,JavadocParser.PTagEndContext,61,5,2,0,13,2,13,1,12,1
checkstyle,com.puppycrawl.tools.checkstyle.grammar.javadoc,JavadocParser.DtContext,474,5,2,0,95,2,95,1,94,1
checkstyle,com.puppycrawl.tools.checkstyle.grammar.javadoc,JavadocParser.BasefontTagContext,71,5,2,0,15,2,15,1,14,1
checkstyle,com.puppycrawl.tools.checkstyle.grammar.javadoc,JavadocParser.BodyContext,474,5,2,0,95,2,95,1,94,1
checkstyle,com.puppycrawl.tools.checkstyle.grammar.javadoc,JavadocParser.OptionContext,474,5,2,0,95,2,95,1,94,1
checkstyle,com.puppycrawl.tools.checkstyle.grammar.javadoc,JavadocParser.BodyTagEndContext,61,5,2,0,13,2,13,1,12,1
checkstyle,com.puppycrawl.tools.checkstyle.grammar.javadoc,JavadocParser.InputTagContext,71,5,2,0,15,2,15,1,14,1
checkstyle,com.puppycrawl.tools.checkstyle.grammar.javadoc,JavadocParser.KeygenTagContext,71,5,2,0,15,2,15,1,14,1
checkstyle,com.puppycrawl.tools.checkstyle.grammar.javadoc,JavadocParser.ThContext,474,5,2,0,95,2,95,1,94,1
checkstyle,com.puppycrawl.tools.checkstyle.grammar.javadoc,JavadocParser.OptgroupContext,374,5,2,0,75,2,75,1,74,1
checkstyle,com.puppycrawl.tools.checkstyle.grammar.javadoc,JavadocParser.ThTagEndContext,61,5,2,0,13,2,13,1,12,1
checkstyle,com.puppycrawl.tools.checkstyle.grammar.javadoc,JavadocParser.SingletonTagNameContext,104,5,2,0,21,2,21,1,20,1
checkstyle,com.puppycrawl.tools.checkstyle.grammar.javadoc,JavadocParser.HrTagContext,71,5,2,0,15,2,15,1,14,1
checkstyle,com.puppycrawl.tools.checkstyle.grammar.javadoc,JavadocParser.TheadContext,474,5,2,0,95,2,95,1,94,1
checkstyle,com.puppycrawl.tools.checkstyle.grammar.javadoc,JavadocLexer,299,3375,194,357,107,604,202,298,14,140
checkstyle,com.puppycrawl.tools.checkstyle.grammar.javadoc,JavadocParser.RpTagStartContext,71,8,2,0,15,3,15,1,14,1
checkstyle,com.puppycrawl.tools.checkstyle.grammar.javadoc,JavadocParser.ImgTagContext,71,5,2,0,15,2,15,1,14,1
checkstyle,com.puppycrawl.tools.checkstyle.grammar.javadoc,JavadocParser.ThTagStartContext,71,8,2,0,15,3,15,1,14,1
checkstyle,com.puppycrawl.tools.checkstyle.grammar.javadoc,JavadocParser.JavadocContext,94,7,2,0,19,3,19,2,18,2
checkstyle,com.puppycrawl.tools.checkstyle.grammar.javadoc,JavadocParser.ColgroupTagStartContext,71,8,2,0,15,3,15,1,14,1
checkstyle,com.puppycrawl.tools.checkstyle.grammar.javadoc,JavadocParser,9286,17133,1388,1354,2895,4156,1267,795,17,117
checkstyle,com.puppycrawl.tools.checkstyle.grammar.javadoc,JavadocParser.RbTagStartContext,71,8,2,0,15,3,15,1,14,1
checkstyle,com.puppycrawl.tools.checkstyle.grammar.javadoc,JavadocParser.ColgroupContext,474,5,2,0,95,2,95,1,94,1
checkstyle,com.puppycrawl.tools.checkstyle.grammar.javadoc,JavadocParser.ParamTagContext,71,5,2,0,15,2,15,1,14,1
checkstyle,com.puppycrawl.tools.checkstyle.grammar.javadoc,JavadocParser.TfootContext,474,5,2,0,95,2,95,1,94,1
checkstyle,com.puppycrawl.tools.checkstyle.grammar.javadoc,JavadocParser.ParametersContext,69,5,2,0,15,2,15,1,14,1
checkstyle,com.puppycrawl.tools.checkstyle.grammar.javadoc,JavadocParser.DtTagEndContext,61,5,2,0,13,2,13,1,12,1
checkstyle,com.puppycrawl.tools.checkstyle.grammar.javadoc,JavadocParserBaseVisitor,383,0,0,0,96,0,96,0,96,0
checkstyle,com.puppycrawl.tools.checkstyle.grammar.javadoc,JavadocParser.RtContext,374,5,2,0,75,2,75,1,74,1
checkstyle,com.puppycrawl.tools.checkstyle.grammar.javadoc,JavadocParser.DdTagStartContext,71,8,2,0,15,3,15,1,14,1
checkstyle,com.puppycrawl.tools.checkstyle.grammar.javadoc,JavadocParser.HtmlElementStartContext,66,5,2,0,14,2,14,1,13,1
checkstyle,com.puppycrawl.tools.checkstyle.grammar.javadoc,JavadocParser.HeadTagStartContext,71,8,2,0,15,3,15,1,14,1
checkstyle,com.puppycrawl.tools.checkstyle.grammar.javadoc,JavadocParser.PTagStartContext,71,8,2,0,15,3,15,1,14,1
checkstyle,com.puppycrawl.tools.checkstyle.grammar.javadoc,JavadocParser.HtmlTagStartContext,71,8,2,0,15,3,15,1,14,1
checkstyle,com.puppycrawl.tools.checkstyle.grammar.javadoc,JavadocParser.AreaTagContext,71,5,2,0,15,2,15,1,14,1
checkstyle,com.puppycrawl.tools.checkstyle.grammar.javadoc,JavadocParser.BodyTagStartContext,71,8,2,0,15,3,15,1,14,1
checkstyle,com.puppycrawl.tools.checkstyle.grammar.javadoc,JavadocParser.OptionTagStartContext,71,8,2,0,15,3,15,1,14,1
checkstyle,com.puppycrawl.tools.checkstyle.grammar.javadoc,JavadocParser.TrTagEndContext,61,5,2,0,13,2,13,1,12,1
checkstyle,com.puppycrawl.tools.checkstyle.grammar.javadoc,JavadocParser.WbrTagContext,71,5,2,0,15,2,15,1,14,1
checkstyle,com.puppycrawl.tools.checkstyle.grammar.javadoc,JavadocParser.TbodyTagStartContext,71,8,2,0,15,3,15,1,14,1
checkstyle,com.puppycrawl.tools.checkstyle.grammar.javadoc,JavadocParser.TdContext,468,5,2,0,94,2,94,1,93,1
checkstyle,com.puppycrawl.tools.checkstyle.grammar.javadoc,JavadocParser.LiTagStartContext,71,8,2,0,15,3,15,1,14,1
checkstyle,com.puppycrawl.tools.checkstyle.grammar.javadoc,JavadocParser.ColTagContext,71,5,2,0,15,2,15,1,14,1
checkstyle,com.puppycrawl.tools.checkstyle.grammar.javadoc,JavadocParser.SingletonElementContext,134,5,2,0,23,2,23,1,22,1
checkstyle,com.puppycrawl.tools.checkstyle.grammar.javadoc,JavadocParser.WrongSingletonTagContext,35,5,2,0,7,2,7,1,6,1
checkstyle,com.puppycrawl.tools.checkstyle.grammar.javadoc,JavadocParser.TrContext,474,5,2,0,95,2,95,1,94,1
checkstyle,com.puppycrawl.tools.checkstyle.grammar.javadoc,JavadocParser.RpContext,374,5,2,0,75,2,75,1,74,1
checkstyle,com.puppycrawl.tools.checkstyle.grammar.javadoc,JavadocParser.HeadTagEndContext,61,5,2,0,13,2,13,1,12,1
checkstyle,com.puppycrawl.tools.checkstyle.grammar.javadoc,JavadocParser.BrTagContext,71,5,2,0,15,2,15,1,14,1
checkstyle,com.puppycrawl.tools.checkstyle.grammar.javadoc,JavadocParser.TheadTagStartContext,71,8,2,0,15,3,15,1,14,1
checkstyle,com.puppycrawl.tools.checkstyle.grammar.javadoc,JavadocParser.HtmlContext,474,5,2,0,95,2,95,1,94,1
checkstyle,com.puppycrawl.tools.checkstyle.grammar.javadoc,JavadocParser.TfootTagEndContext,61,5,2,0,13,2,13,1,12,1
checkstyle,com.puppycrawl.tools.checkstyle.grammar.javadoc,JavadocParser.ColgroupTagEndContext,61,5,2,0,13,2,13,1,12,1
checkstyle,com.puppycrawl.tools.checkstyle.grammar.javadoc,JavadocParser.RtTagEndContext,61,5,2,0,13,2,13,1,12,1
checkstyle,com.puppycrawl.tools.checkstyle.grammar.javadoc,JavadocParser.RtcContext,374,5,2,0,75,2,75,1,74,1
checkstyle,com.puppycrawl.tools.checkstyle.grammar.javadoc,JavadocParser.DescriptionContext,72,5,2,0,15,2,15,1,14,1
checkstyle,com.puppycrawl.tools.checkstyle.grammar.javadoc,JavadocParser.TrackTagContext,71,5,2,0,15,2,15,1,14,1
checkstyle,com.puppycrawl.tools.checkstyle.grammar.javadoc,JavadocParser.FrameTagContext,71,5,2,0,15,2,15,1,14,1
checkstyle,com.puppycrawl.tools.checkstyle.grammar.javadoc,JavadocParser.OptgroupTagStartContext,71,8,2,0,15,3,15,1,14,1
checkstyle,com.puppycrawl.tools.checkstyle.grammar.javadoc,JavadocParser.HtmlElementContext,384,7,2,0,64,3,64,2,63,2
checkstyle,com.puppycrawl.tools.checkstyle.grammar.javadoc,JavadocParser.HtmlElementEndContext,61,5,2,0,13,2,13,1,12,1
checkstyle,com.puppycrawl.tools.checkstyle.grammar.javadoc,JavadocParser.LiTagEndContext,61,5,2,0,13,2,13,1,12,1
checkstyle,com.puppycrawl.tools.checkstyle.grammar.javadoc,JavadocParser.TheadTagEndContext,61,5,2,0,13,2,13,1,12,1
checkstyle,com.puppycrawl.tools.checkstyle.grammar.javadoc,JavadocParser.TfootTagStartContext,71,8,2,0,15,3,15,1,14,1
checkstyle,com.puppycrawl.tools.checkstyle.grammar.javadoc,JavadocParser.RtTagStartContext,71,8,2,0,15,3,15,1,14,1
checkstyle,com.puppycrawl.tools.checkstyle.grammar.javadoc,JavadocParser.RbContext,374,5,2,0,75,2,75,1,74,1
checkstyle,com.puppycrawl.tools.checkstyle.grammar.javadoc,JavadocParser.HtmlTagEndContext,61,5,2,0,13,2,13,1,12,1
checkstyle,com.puppycrawl.tools.checkstyle.grammar.javadoc,JavadocParser.SourceTagContext,71,5,2,0,15,2,15,1,14,1
checkstyle,com.puppycrawl.tools.checkstyle.grammar.javadoc,JavadocParser.HeadContext,474,5,2,0,95,2,95,1,94,1
checkstyle,com.puppycrawl.tools.checkstyle.grammar.javadoc,JavadocParser.IsindexTagContext,71,5,2,0,15,2,15,1,14,1
checkstyle,com.puppycrawl.tools.checkstyle.grammar.javadoc,JavadocParser.BaseTagContext,71,5,2,0,15,2,15,1,14,1
checkstyle,com.puppycrawl.tools.checkstyle.grammar.javadoc,JavadocParser.TrTagStartContext,71,8,2,0,15,3,15,1,14,1
checkstyle,com.puppycrawl.tools.checkstyle.grammar.javadoc,JavadocParser.ReferenceContext,33,7,2,0,6,3,6,2,5,2
checkstyle,com.puppycrawl.tools.checkstyle.grammar.javadoc,JavadocParser.RbTagEndContext,61,5,2,0,13,2,13,1,12,1
checkstyle,com.puppycrawl.tools.checkstyle.grammar.javadoc,JavadocParser.TbodyContext,474,5,2,0,95,2,95,1,94,1
checkstyle,com.puppycrawl.tools.checkstyle.grammar.javadoc,JavadocParser.MetaTagContext,71,5,2,0,15,2,15,1,14,1
checkstyle,com.puppycrawl.tools.checkstyle.grammar.javadoc,JavadocParser.HtmlCommentContext,52,5,2,0,11,2,11,1,10,1
checkstyle,com.puppycrawl.tools.checkstyle.grammar.javadoc,JavadocParser.RpTagEndContext,61,5,2,0,13,2,13,1,12,1
checkstyle,com.puppycrawl.tools.checkstyle.checks.naming,PackageNameCheck,0,57,0,2,0,14,0,7,0,6
checkstyle,com.puppycrawl.tools.checkstyle.checks.naming,LocalVariableNameCheck,0,78,0,16,0,17,0,15,0,7
checkstyle,com.puppycrawl.tools.checkstyle.checks.naming,IllegalIdentifierNameCheck,0,72,0,2,0,6,0,6,0,5
checkstyle,com.puppycrawl.tools.checkstyle.checks.naming,ParameterNameCheck,0,131,0,20,0,33,0,20,0,10
checkstyle,com.puppycrawl.tools.checkstyle.checks.naming,TypeNameCheck,0,32,0,0,0,5,0,4,0,4
checkstyle,com.puppycrawl.tools.checkstyle.checks.naming,CatchParameterNameCheck,0,26,0,2,0,6,0,6,0,5
checkstyle,com.puppycrawl.tools.checkstyle.checks.naming,PatternVariableNameCheck,0,19,0,0,0,6,0,5,0,5
checkstyle,com.puppycrawl.tools.checkstyle.checks.naming,AbstractNameCheck,0,44,0,4,0,12,0,5,0,3
checkstyle,com.puppycrawl.tools.checkstyle.checks.naming,MethodNameCheck,0,67,0,10,0,20,0,11,0,6
checkstyle,com.puppycrawl.tools.checkstyle.checks.naming,MemberNameCheck,0,45,0,10,0,11,0,10,0,5
checkstyle,com.puppycrawl.tools.checkstyle.checks.naming,AbstractAccessControlNameCheck,0,109,0,34,0,26,0,25,0,8
checkstyle,com.puppycrawl.tools.checkstyle.checks.naming,ConstantNameCheck,0,68,0,18,0,20,0,14,0,5
checkstyle,com.puppycrawl.tools.checkstyle.checks.naming,LocalFinalVariableNameCheck,0,49,0,8,0,10,0,9,0,5
checkstyle,com.puppycrawl.tools.checkstyle.checks.naming,ClassTypeParameterNameCheck,0,29,0,2,0,8,0,6,0,5
checkstyle,com.puppycrawl.tools.checkstyle.checks.naming,RecordTypeParameterNameCheck,0,29,0,2,0,8,0,6,0,5
checkstyle,com.puppycrawl.tools.checkstyle.checks.naming,InterfaceTypeParameterNameCheck,0,29,0,2,0,8,0,6,0,5
checkstyle,com.puppycrawl.tools.checkstyle.checks.naming,RecordComponentNameCheck,0,19,0,0,0,6,0,5,0,5
checkstyle,com.puppycrawl.tools.checkstyle.checks.naming,AbstractClassNameCheck,0,104,0,12,0,25,0,17,0,11
checkstyle,com.puppycrawl.tools.checkstyle.checks.naming,AccessModifierOption,0,60,0,0,0,8,0,4,0,4
checkstyle,com.puppycrawl.tools.checkstyle.checks.naming,StaticVariableNameCheck,0,52,0,12,0,12,0,11,0,5
checkstyle,com.puppycrawl.tools.checkstyle.checks.naming,LambdaParameterNameCheck,0,53,0,6,0,14,0,10,0,7
checkstyle,com.puppycrawl.tools.checkstyle.checks.naming,MethodTypeParameterNameCheck,0,29,0,2,0,8,0,6,0,5
checkstyle,com.puppycrawl.tools.checkstyle.checks.naming,AbbreviationAsWordInNameCheck,0,441,0,62,0,98,0,50,0,19
checkstyle,com.puppycrawl.tools.checkstyle.meta,MetadataGeneratorUtil,0,119,0,8,0,26,0,7,0,3
checkstyle,com.puppycrawl.tools.checkstyle.meta,ModuleType,0,48,0,0,0,8,0,3,0,3
checkstyle,com.puppycrawl.tools.checkstyle.meta,ModuleDetails,0,80,0,0,0,28,0,17,0,17
checkstyle,com.puppycrawl.tools.checkstyle.meta,JavadocMetadataScraper,15,916,4,98,3,218,4,89,0,42
checkstyle,com.puppycrawl.tools.checkstyle.meta,ModulePropertyDetails,0,38,0,0,0,16,0,11,0,11
checkstyle,com.puppycrawl.tools.checkstyle.meta,XmlMetaWriter,38,294,4,14,5,74,3,10,0,4
checkstyle,com.puppycrawl.tools.checkstyle.meta,XmlMetaReader,14,362,0,28,2,81,0,21,0,7
checkstyle,com.puppycrawl.tools.checkstyle.meta,MetadataGenerationException,0,4,0,0,0,2,0,1,0,1
checkstyle,com.puppycrawl.tools.checkstyle.checks.javadoc,JavadocTagContinuationIndentationCheck,0,159,0,28,0,44,0,22,0,8
checkstyle,com.puppycrawl.tools.checkstyle.checks.javadoc,JavadocMissingWhitespaceAfterAsteriskCheck,0,90,0,16,0,20,0,14,0,6
checkstyle,com.puppycrawl.tools.checkstyle.checks.javadoc,JavadocTag,0,139,0,26,0,19,0,26,0,13
checkstyle,com.puppycrawl.tools.checkstyle.checks.javadoc,MissingJavadocTypeCheck,0,116,0,20,0,26,0,19,0,9
checkstyle,com.puppycrawl.tools.checkstyle.checks.javadoc,SingleLineJavadocCheck,0,105,0,16,0,28,0,18,0,10
checkstyle,com.puppycrawl.tools.checkstyle.checks.javadoc,JavadocStyleCheck,0,913,0,98,0,159,0,73,0,24
checkstyle,com.puppycrawl.tools.checkstyle.checks.javadoc,AbstractJavadocCheck.FileContext,0,8,0,0,0,2,0,1,0,1
checkstyle,com.puppycrawl.tools.checkstyle.checks.javadoc,JavadocTagInfo.new JavadocTagInfo() {...},0,22,0,4,0,4,0,4,0,2
checkstyle,com.puppycrawl.tools.checkstyle.checks.javadoc,JavadocTagInfo.new JavadocTagInfo() {...},0,23,0,4,0,4,0,4,0,2
checkstyle,com.puppycrawl.tools.checkstyle.checks.javadoc,JavadocTagInfo.new JavadocTagInfo() {...},0,28,0,4,0,5,0,4,0,2
checkstyle,com.puppycrawl.tools.checkstyle.checks.javadoc,JavadocTagInfo.new JavadocTagInfo() {...},0,28,0,8,0,3,0,6,0,2
checkstyle,com.puppycrawl.tools.checkstyle.checks.javadoc,JavadocTagInfo.new JavadocTagInfo() {...},0,22,0,4,0,3,0,4,0,2
checkstyle,com.puppycrawl.tools.checkstyle.checks.javadoc,JavadocTagInfo.new JavadocTagInfo() {...},0,23,0,4,0,4,0,4,0,2
checkstyle,com.puppycrawl.tools.checkstyle.checks.javadoc,JavadocTagInfo.new JavadocTagInfo() {...},0,34,0,6,0,6,0,5,0,2
checkstyle,com.puppycrawl.tools.checkstyle.checks.javadoc,JavadocTagInfo.new JavadocTagInfo() {...},0,50,0,14,0,11,0,9,0,2
checkstyle,com.puppycrawl.tools.checkstyle.checks.javadoc,RequireEmptyLineBeforeBlockTagGroupCheck,0,161,0,30,0,41,0,23,0,8
checkstyle,com.puppycrawl.tools.checkstyle.checks.javadoc,JavadocTagInfo.new JavadocTagInfo() {...},0,22,0,4,0,4,0,4,0,2
checkstyle,com.puppycrawl.tools.checkstyle.checks.javadoc,JavadocTagInfo.new JavadocTagInfo() {...},0,23,0,4,0,4,0,4,0,2
checkstyle,com.puppycrawl.tools.checkstyle.checks.javadoc,JavadocTagInfo.Type,0,24,0,0,0,3,0,1,0,1
checkstyle,com.puppycrawl.tools.checkstyle.checks.javadoc,JavadocTagInfo.new JavadocTagInfo() {...},0,23,0,4,0,4,0,4,0,2
checkstyle,com.puppycrawl.tools.checkstyle.checks.javadoc,TagParser.Point,0,15,0,0,0,6,0,3,0,3
checkstyle,com.puppycrawl.tools.checkstyle.checks.javadoc,JavadocTagInfo.new JavadocTagInfo() {...},0,23,0,4,0,4,0,4,0,2
checkstyle,com.puppycrawl.tools.checkstyle.checks.javadoc,JavadocTagInfo.new JavadocTagInfo() {...},0,23,0,4,0,4,0,4,0,2
checkstyle,com.puppycrawl.tools.checkstyle.checks.javadoc,JavadocTagInfo.new JavadocTagInfo() {...},0,29,0,6,0,6,0,5,0,2
checkstyle,com.puppycrawl.tools.checkstyle.checks.javadoc,JavadocTagInfo.new JavadocTagInfo() {...},0,22,0,4,0,3,0,4,0,2
checkstyle,com.puppycrawl.tools.checkstyle.checks.javadoc,JavadocTagInfo.new JavadocTagInfo() {...},0,23,0,4,0,4,0,4,0,2
checkstyle,com.puppycrawl.tools.checkstyle.checks.javadoc,JavadocTagInfo.new JavadocTagInfo() {...},0,23,0,4,0,4,0,4,0,2
checkstyle,com.puppycrawl.tools.checkstyle.checks.javadoc,JavadocTagInfo.new JavadocTagInfo() {...},0,23,0,4,0,4,0,4,0,2
checkstyle,com.puppycrawl.tools.checkstyle.checks.javadoc,JavadocTagInfo.new JavadocTagInfo() {...},0,22,0,4,0,4,0,4,0,2
checkstyle,com.puppycrawl.tools.checkstyle.checks.javadoc,JavadocMethodCheck,0,1281,0,190,0,322,0,139,0,44
checkstyle,com.puppycrawl.tools.checkstyle.checks.javadoc,JavadocBlockTagLocationCheck,0,140,0,10,0,20,0,13,0,8
checkstyle,com.puppycrawl.tools.checkstyle.checks.javadoc,JavadocMethodCheck.ExceptionInfo,0,23,0,0,0,9,0,5,0,5
checkstyle,com.puppycrawl.tools.checkstyle.checks.javadoc,JavadocMethodCheck.ClassInfo,0,9,0,0,0,4,0,2,0,2
checkstyle,com.puppycrawl.tools.checkstyle.checks.javadoc,HtmlTag,0,115,0,4,0,18,0,11,0,9
checkstyle,com.puppycrawl.tools.checkstyle.checks.javadoc,JavadocVariableCheck,0,126,0,24,0,29,0,22,0,10
checkstyle,com.puppycrawl.tools.checkstyle.checks.javadoc,WriteTagCheck,0,245,0,14,0,40,0,17,0,10
checkstyle,com.puppycrawl.tools.checkstyle.checks.javadoc,SummaryJavadocCheck,0,584,0,86,0,138,0,64,0,21
checkstyle,com.puppycrawl.tools.checkstyle.checks.javadoc,JavadocTypeCheck,0,500,0,60,0,113,0,56,0,26
checkstyle,com.puppycrawl.tools.checkstyle.checks.javadoc,NonEmptyAtclauseDescriptionCheck,0,88,0,12,0,16,0,11,0,5
checkstyle,com.puppycrawl.tools.checkstyle.checks.javadoc,JavadocTags,0,29,0,0,0,8,0,3,0,3
checkstyle,com.puppycrawl.tools.checkstyle.checks.javadoc,JavadocPackageCheck,0,87,0,12,0,21,0,9,0,3
checkstyle,com.puppycrawl.tools.checkstyle.checks.javadoc,JavadocMissingLeadingAsteriskCheck,0,103,0,20,0,25,0,18,0,8
checkstyle,com.puppycrawl.tools.checkstyle.checks.javadoc,AbstractJavadocCheck,0,383,0,42,0,95,0,46,0,25
checkstyle,com.puppycrawl.tools.checkstyle.checks.javadoc,InvalidJavadocTag,0,21,0,0,0,8,0,4,0,4
checkstyle,com.puppycrawl.tools.checkstyle.checks.javadoc,JavadocMethodCheck.Token,0,52,0,0,0,12,0,4,0,4
checkstyle,com.puppycrawl.tools.checkstyle.checks.javadoc,JavadocParagraphCheck,0,240,0,62,0,64,0,43,0,12
checkstyle,com.puppycrawl.tools.checkstyle.checks.javadoc,AtclauseOrderCheck,0,275,0,22,0,46,0,20,0,9
checkstyle,com.puppycrawl.tools.checkstyle.checks.javadoc,JavadocContentLocationCheck,0,111,0,24,0,31,0,21,0,9
checkstyle,com.puppycrawl.tools.checkstyle.checks.javadoc,JavadocTagInfo,0,456,0,8,0,51,0,13,0,9
checkstyle,com.puppycrawl.tools.checkstyle.checks.javadoc,MissingJavadocMethodCheck,0,213,0,42,0,53,0,37,0,16
checkstyle,com.puppycrawl.tools.checkstyle.checks.javadoc,TagParser,0,365,0,58,0,80,0,41,0,12
checkstyle,com.puppycrawl.tools.checkstyle.checks.javadoc,JavadocNodeImpl,0,118,0,2,0,29,0,18,0,17
checkstyle,com.puppycrawl.tools.checkstyle.checks.javadoc,MissingJavadocPackageCheck,0,96,0,22,0,24,0,20,0,9
checkstyle,com.puppycrawl.tools.checkstyle.checks.javadoc,JavadocContentLocationOption,0,24,0,0,0,3,0,1,0,1
checkstyle,com.puppycrawl.tools.checkstyle.checks.javadoc,InvalidJavadocPositionCheck,0,34,0,4,0,10,0,8,0,6
checkstyle,com.puppycrawl.tools.checkstyle.checks.regexp,SinglelineDetector,0,159,0,14,0,33,0,12,0,5
checkstyle,com.puppycrawl.tools.checkstyle.checks.regexp,RegexpMultilineCheck,0,75,0,2,0,31,0,11,0,10
checkstyle,com.puppycrawl.tools.checkstyle.checks.regexp,RegexpSinglelineCheck,0,60,0,0,0,25,0,8,0,8
checkstyle,com.puppycrawl.tools.checkstyle.checks.regexp,NeverSuppress,0,7,0,0,0,2,0,2,0,2
checkstyle,com.puppycrawl.tools.checkstyle.checks.regexp,DetectorOptions.Builder,0,117,0,2,0,25,0,12,0,11
checkstyle,com.puppycrawl.tools.checkstyle.checks.regexp,DetectorOptions,0,37,0,0,0,11,0,9,0,9
checkstyle,com.puppycrawl.tools.checkstyle.checks.regexp,CommentSuppressor,0,14,0,0,0,5,0,2,0,2
checkstyle,com.puppycrawl.tools.checkstyle.checks.regexp,RegexpCheck,0,273,0,40,0,64,0,35,0,15
checkstyle,com.puppycrawl.tools.checkstyle.checks.regexp,MultilineDetector,0,174,0,14,0,35,0,12,0,5
checkstyle,com.puppycrawl.tools.checkstyle.checks.regexp,RegexpSinglelineJavaCheck,0,84,0,2,0,33,0,12,0,11
checkstyle,com.puppycrawl.tools.checkstyle.checks.regexp,RegexpOnFilenameCheck,0,178,0,26,0,42,0,26,0,13
checkstyle,com.puppycrawl.tools.checkstyle.utils,ChainedPropertyUtil,0,115,0,14,0,32,0,11,0,4
checkstyle,com.puppycrawl.tools.checkstyle.utils,XpathUtil,0,199,0,4,0,40,0,8,0,6
checkstyle,com.puppycrawl.tools.checkstyle.utils,AnnotationUtil,0,177,0,36,0,47,0,27,0,9
checkstyle,com.puppycrawl.tools.checkstyle.utils,FilterUtil,0,15,0,0,0,6,0,1,0,1
checkstyle,com.puppycrawl.tools.checkstyle.utils,ScopeUtil,0,373,0,72,0,94,0,55,0,19
checkstyle,com.puppycrawl.tools.checkstyle.utils,ParserUtil,0,192,0,10,0,53,0,8,0,3
checkstyle,com.puppycrawl.tools.checkstyle.utils,CommonUtil,0,599,0,80,0,154,0,69,0,29
checkstyle,com.puppycrawl.tools.checkstyle.utils,ModuleReflectionUtil,0,131,0,30,0,32,0,28,0,13
checkstyle,com.puppycrawl.tools.checkstyle.utils,JavadocUtil.JavadocTagType,0,34,0,0,0,4,0,1,0,1
checkstyle,com.puppycrawl.tools.checkstyle.utils,CheckUtil,0,756,0,167,0,197,0,108,0,24
checkstyle,com.puppycrawl.tools.checkstyle.utils,BlockCommentPosition,0,418,0,146,0,92,0,93,0,20
checkstyle,com.puppycrawl.tools.checkstyle.utils,TokenUtil,0,295,0,54,0,53,0,49,0,22
checkstyle,com.puppycrawl.tools.checkstyle.utils,JavadocUtil,0,419,0,72,0,109,0,53,0,17
checkstyle,com.puppycrawl.tools.checkstyle,Main.ExitHelper,2,3,0,2,1,2,0,2,0,1
checkstyle,com.puppycrawl.tools.checkstyle,PropertyCacheFile,0,350,0,22,0,89,0,31,0,20
checkstyle,com.puppycrawl.tools.checkstyle,Main.OnlyCheckstyleLoggersFilter,0,14,0,0,0,3,0,2,0,2
checkstyle,com.puppycrawl.tools.checkstyle,DetailAstImpl,0,516,0,76,0,173,0,77,0,39
checkstyle,com.puppycrawl.tools.checkstyle,XMLLogger.FileMessages,0,35,0,0,0,9,0,5,0,5
checkstyle,com.puppycrawl.tools.checkstyle,PackageObjectFactory.ModuleLoadOption,0,24,0,0,0,3,0,1,0,1
checkstyle,com.puppycrawl.tools.checkstyle,TreeWalkerAuditEvent,0,55,0,0,0,17,0,12,0,12
checkstyle,com.puppycrawl.tools.checkstyle,DefaultContext,0,27,0,0,0,6,0,4,0,4
checkstyle,com.puppycrawl.tools.checkstyle,Main.CliOptions,0,216,0,46,0,43,0,29,0,6
checkstyle,com.puppycrawl.tools.checkstyle,JavadocDetailNodeParser,0,637,0,64,0,172,0,50,0,18
checkstyle,com.puppycrawl.tools.checkstyle,DetailNodeTreeStringPrinter,0,198,0,16,0,44,0,16,0,8
checkstyle,com.puppycrawl.tools.checkstyle,JavaParser.CheckstyleErrorListener,0,21,0,0,0,2,0,1,0,1
checkstyle,com.puppycrawl.tools.checkstyle,JavadocDetailNodeParser.DescriptiveErrorListener,0,76,0,2,0,15,0,4,0,3
checkstyle,com.puppycrawl.tools.checkstyle,ConfigurationLoader,0,375,0,26,0,82,0,24,0,11
checkstyle,com.puppycrawl.tools.checkstyle,JavaParser,0,250,0,20,0,72,0,16,0,6
checkstyle,com.puppycrawl.tools.checkstyle,XmlLoader,0,72,0,2,0,24,0,5,0,4
checkstyle,com.puppycrawl.tools.checkstyle,SuppressionsStringPrinter,0,81,0,2,0,18,0,4,0,3
checkstyle,com.puppycrawl.tools.checkstyle,SarifLogger,0,394,0,33,0,106,0,33,0,12
checkstyle,com.puppycrawl.tools.checkstyle,Definitions,0,8,0,0,0,2,0,1,0,1
checkstyle,com.puppycrawl.tools.checkstyle,PackageObjectFactory,0,1479,0,40,0,343,0,55,0,35
checkstyle,com.puppycrawl.tools.checkstyle,AstTreeStringPrinter,0,271,0,20,0,64,0,21,0,11
checkstyle,com.puppycrawl.tools.checkstyle,CheckstyleParserErrorStrategy,4,10,0,0,1,2,0,2,0,2
checkstyle,com.puppycrawl.tools.checkstyle,XMLLogger,0,537,0,50,0,125,0,44,0,16
checkstyle,com.puppycrawl.tools.checkstyle,JavaParser.Options,0,24,0,0,0,3,0,1,0,1
checkstyle,com.puppycrawl.tools.checkstyle,PropertyCacheFile.ExternalResource,0,9,0,0,0,4,0,1,0,1
checkstyle,com.puppycrawl.tools.checkstyle,Main,0,618,0,62,0,168,0,46,0,15
checkstyle,com.puppycrawl.tools.checkstyle,DefaultLogger,0,183,0,16,0,50,0,19,0,11
checkstyle,com.puppycrawl.tools.checkstyle,PropertiesExpander,0,42,0,4,0,10,0,4,0,2
checkstyle,com.puppycrawl.tools.checkstyle,JavadocDetailNodeParser.ParseErrorMessage,0,25,0,0,0,8,0,4,0,4
checkstyle,com.puppycrawl.tools.checkstyle,XmlLoader.LoadExternalDtdFeatureProvider,0,18,0,0,0,6,0,1,0,1
checkstyle,com.puppycrawl.tools.checkstyle,ConfigurationLoader.InternalLoader,0,222,0,24,0,57,0,17,0,5
checkstyle,com.puppycrawl.tools.checkstyle,JavaAstVisitor.DetailAstPair,0,47,0,6,0,16,0,7,0,4
checkstyle,com.puppycrawl.tools.checkstyle,Main.OutputFormat,0,67,0,4,0,11,0,5,0,3
checkstyle,com.puppycrawl.tools.checkstyle,XpathFileGeneratorAstFilter,0,49,0,4,0,14,0,8,0,6
checkstyle,com.puppycrawl.tools.checkstyle,XpathFileGeneratorAuditListener,0,146,0,12,0,44,0,15,0,9
checkstyle,com.puppycrawl.tools.checkstyle,PackageNamesLoader,0,162,0,12,0,43,0,13,0,7
checkstyle,com.puppycrawl.tools.checkstyle,ConfigurationLoader.IgnoredModulesOptions,0,24,0,0,0,3,0,1,0,1
checkstyle,com.puppycrawl.tools.checkstyle,JavaAstVisitor,0,3991,0,129,0,879,0,270,0,205
checkstyle,com.puppycrawl.tools.checkstyle,TreeWalker,0,630,0,60,0,157,0,52,0,22
checkstyle,com.puppycrawl.tools.checkstyle,JavadocPropertiesGenerator,0,396,0,62,0,95,0,43,0,11
checkstyle,com.puppycrawl.tools.checkstyle,Checker,0,879,0,70,0,226,0,70,0,35
checkstyle,com.puppycrawl.tools.checkstyle,TreeWalker.AstState,0,24,0,0,0,3,0,1,0,1
checkstyle,com.puppycrawl.tools.checkstyle,ThreadModeSettings,0,58,0,6,0,19,0,8,0,5
checkstyle,com.puppycrawl.tools.checkstyle,DefaultLogger.LocalizedMessage,0,72,0,2,0,21,0,7,0,6
checkstyle,com.puppycrawl.tools.checkstyle,DefaultConfiguration,0,150,0,4,0,34,0,18,0,16
checkstyle,com.puppycrawl.tools.checkstyle,AuditEventDefaultFormatter,0,133,0,8,0,30,0,8,0,4
checkstyle,com.puppycrawl.tools.checkstyle,JavadocDetailNodeParser.ParseStatus,0,27,0,2,0,9,0,8,0,7
checkstyle,com.puppycrawl.tools.checkstyle.checks.whitespace,AbstractParenPadCheck,0,148,0,26,0,29,0,17,0,4
checkstyle,com.puppycrawl.tools.checkstyle.checks.whitespace,NoWhitespaceBeforeCaseDefaultColonCheck,0,167,0,24,0,39,0,24,0,12
checkstyle,com.puppycrawl.tools.checkstyle.checks.whitespace,NoWhitespaceAfterCheck,0,531,0,75,0,125,0,57,0,17
checkstyle,com.puppycrawl.tools.checkstyle.checks.whitespace,EmptyLineSeparatorCheck,0,986,0,158,0,208,0,118,0,38
checkstyle,com.puppycrawl.tools.checkstyle.checks.whitespace,ParenPadCheck,0,336,0,48,0,76,0,41,0,15
checkstyle,com.puppycrawl.tools.checkstyle.checks.whitespace,OperatorWrapCheck,0,474,0,42,0,50,0,35,0,14
checkstyle,com.puppycrawl.tools.checkstyle.checks.whitespace,SeparatorWrapCheck,0,136,0,8,0,22,0,10,0,6
checkstyle,com.puppycrawl.tools.checkstyle.checks.whitespace,EmptyForInitializerPadCheck,0,92,0,12,0,20,0,12,0,6
checkstyle,com.puppycrawl.tools.checkstyle.checks.whitespace,PadOption,0,24,0,0,0,3,0,1,0,1
checkstyle,com.puppycrawl.tools.checkstyle.checks.whitespace,NoWhitespaceBeforeCheck,0,164,0,22,0,27,0,18,0,7
checkstyle,com.puppycrawl.tools.checkstyle.checks.whitespace,WhitespaceAfterCheck,0,137,0,14,0,24,0,13,0,6
checkstyle,com.puppycrawl.tools.checkstyle.checks.whitespace,FileTabCharacterCheck,0,49,0,6,0,14,0,6,0,3
checkstyle,com.puppycrawl.tools.checkstyle.checks.whitespace,MethodParamPadCheck,0,142,0,16,0,25,0,15,0,7
checkstyle,com.puppycrawl.tools.checkstyle.checks.whitespace,GenericWhitespaceCheck,0,410,0,85,0,77,0,59,0,16
checkstyle,com.puppycrawl.tools.checkstyle.checks.whitespace,TypecastParenPadCheck,0,43,0,6,0,10,0,8,0,5
checkstyle,com.puppycrawl.tools.checkstyle.checks.whitespace,NoLineWrapCheck,0,80,0,2,0,7,0,6,0,5
checkstyle,com.puppycrawl.tools.checkstyle.checks.whitespace,WrapOption,0,24,0,0,0,3,0,1,0,1
checkstyle,com.puppycrawl.tools.checkstyle.checks.whitespace,EmptyForIteratorPadCheck,0,90,0,12,0,19,0,12,0,6
checkstyle,com.puppycrawl.tools.checkstyle.checks.whitespace,WhitespaceAroundCheck,0,987,0,168,0,109,0,114,0,30
checkstyle,com.puppycrawl.tools.checkstyle.checks.whitespace,SingleSpaceSeparatorCheck,0,145,0,30,0,34,0,29,0,14
checkstyle,com.puppycrawl.tools.checkstyle.grammar.java,JavaLanguageParser.ClassBlockContext,4,25,1,1,1,4,1,4,0,4
checkstyle,com.puppycrawl.tools.checkstyle.grammar.java,JavaLanguageParser.ReturnStatContext,15,19,1,1,3,3,3,3,2,3
checkstyle,com.puppycrawl.tools.checkstyle.grammar.java,JavaLanguageParser.NewExpContext,10,19,1,1,2,3,2,3,1,3
checkstyle,com.puppycrawl.tools.checkstyle.grammar.java,JavaLanguageParser.EnumBodyContext,33,13,1,1,7,3,7,2,6,2
checkstyle,com.puppycrawl.tools.checkstyle.grammar.java,JavaLanguageParser.AnnotationMethodRestContext,48,24,1,1,9,6,9,2,8,2
checkstyle,com.puppycrawl.tools.checkstyle.grammar.java,JavaLanguageParser.RecordBodyDeclarationContext,18,13,1,1,4,3,4,2,3,2
checkstyle,com.puppycrawl.tools.checkstyle.grammar.java,JavaLanguageLexer,38,2527,3,14,11,50,12,16,9,9
checkstyle,com.puppycrawl.tools.checkstyle.grammar.java,JavaLanguageParser.NonWildcardTypeArgumentsContext,6,29,1,1,2,6,2,5,1,5
checkstyle,com.puppycrawl.tools.checkstyle.grammar.java,JavaLanguageParser.RecordComponentsContext,31,13,1,1,7,3,7,2,6,2
checkstyle,com.puppycrawl.tools.checkstyle.grammar.java,JavaLanguageParser.ImportDecContext,9,40,1,1,2,7,2,7,1,7
checkstyle,com.puppycrawl.tools.checkstyle.grammar.java,JavaLanguageParser.PrimaryExpContext,10,14,1,1,2,2,2,2,1,2
checkstyle,com.puppycrawl.tools.checkstyle.grammar.java,JavaLanguageParser.ResourceSpecificationContext,27,13,1,1,6,3,6,2,5,2
checkstyle,com.puppycrawl.tools.checkstyle.grammar.java,JavaLanguageParser.ThrowsListContext,6,24,1,1,2,5,2,4,1,4
checkstyle,com.puppycrawl.tools.checkstyle.grammar.java,JavaLanguageParser.LocalVarContext,15,14,1,1,3,2,3,2,2,2
checkstyle,com.puppycrawl.tools.checkstyle.grammar.java,JavaLanguageParser.TypeArgsContext,10,14,1,1,2,2,2,2,1,2
checkstyle,com.puppycrawl.tools.checkstyle.grammar.java,JavaLanguageParser.ElementValuePairsContext,25,13,1,1,6,3,6,2,5,2
checkstyle,com.puppycrawl.tools.checkstyle.grammar.java,JavaLanguageParser,3022,17018,313,789,731,3543,298,492,7,147
checkstyle,com.puppycrawl.tools.checkstyle.grammar.java,JavaLanguageParser.ClassBodyDeclarationContext,2,12,0,0,1,5,1,3,1,3
checkstyle,com.puppycrawl.tools.checkstyle.grammar.java,JavaLanguageParser.VariableModifierContext,17,13,1,1,4,3,4,2,3,2
checkstyle,com.puppycrawl.tools.checkstyle.grammar.java,JavaLanguageParser.YieldStatContext,15,19,1,1,3,3,3,3,2,3
checkstyle,com.puppycrawl.tools.checkstyle.grammar.java,JavaLanguageParser.EmptyStatContext,9,14,1,1,2,2,2,2,1,2
checkstyle,com.puppycrawl.tools.checkstyle.grammar.java,JavaLanguageParser.IdContext,36,13,1,1,8,3,8,2,7,2
checkstyle,com.puppycrawl.tools.checkstyle.grammar.java,JavaLanguageParser.EnhancedForControlContext,22,35,1,1,5,7,5,5,4,5
checkstyle,com.puppycrawl.tools.checkstyle.grammar.java,JavaLanguageParser.TypeArgumentsContext,25,23,1,1,6,5,6,4,5,4
checkstyle,com.puppycrawl.tools.checkstyle.grammar.java,JavaLanguageParser.SwitchLabelContext,2,12,0,0,1,5,1,3,1,3
checkstyle,com.puppycrawl.tools.checkstyle.grammar.java,JavaLanguageParser.InterfaceMethodDeclarationContext,62,21,1,1,11,5,11,2,10,2
checkstyle,com.puppycrawl.tools.checkstyle.grammar.java,JavaLanguageParser.RecordBodyContext,26,13,1,1,6,3,6,2,5,2
checkstyle,com.puppycrawl.tools.checkstyle.grammar.java,JavaLanguageParser.AnnotationsContext,26,21,1,1,5,5,5,2,4,2
checkstyle,com.puppycrawl.tools.checkstyle.grammar.java,JavaLanguageParser.SwitchLabeledBlockContext,23,13,1,1,5,3,5,2,4,2
checkstyle,com.puppycrawl.tools.checkstyle.grammar.java,JavaLanguageParser.SuperSuffixDotContext,4,41,1,1,1,7,1,7,0,7
checkstyle,com.puppycrawl.tools.checkstyle.grammar.java,JavaLanguageParser.LambdaParametersContext,2,12,0,0,1,5,1,3,1,3
checkstyle,com.puppycrawl.tools.checkstyle.grammar.java,JavaLanguageParser.QualifiedNameListContext,35,13,1,1,8,3,8,2,7,2
checkstyle,com.puppycrawl.tools.checkstyle.grammar.java,JavaLanguageParser.SuperExpContext,15,31,1,1,3,5,3,5,2,5
checkstyle,com.puppycrawl.tools.checkstyle.grammar.java,JavaLanguageParser.ExprContext,2,12,0,0,1,5,1,3,1,3
checkstyle,com.puppycrawl.tools.checkstyle.grammar.java,JavaLanguageParser.CreatedNameObjectContext,14,37,1,1,3,6,3,5,2,5
checkstyle,com.puppycrawl.tools.checkstyle.grammar.java,JavaLanguageParser.PrimaryCtorCallContext,32,19,1,1,6,3,6,3,5,3
checkstyle,com.puppycrawl.tools.checkstyle.grammar.java,JavaLanguageParser.DefaultLabelContext,4,24,1,1,1,4,1,4,0,4
checkstyle,com.puppycrawl.tools.checkstyle.grammar.java,JavaLanguageParser.CreatedNameExtendedContext,37,5,2,0,7,2,7,1,6,1
checkstyle,com.puppycrawl.tools.checkstyle.grammar.java,JavaLanguageParser.ImplementsClauseContext,6,24,1,1,2,5,2,4,1,4
checkstyle,com.puppycrawl.tools.checkstyle.grammar.java,JavaLanguageParser.AnnotationTypeDeclarationContext,33,16,1,1,7,4,7,2,6,2
checkstyle,com.puppycrawl.tools.checkstyle.grammar.java,JavaLanguageParser.CaseLabelContext,15,19,1,1,3,3,3,3,2,3
checkstyle,com.puppycrawl.tools.checkstyle.grammar.java,JavaLanguageParser.DoStatContext,9,36,1,1,2,6,2,6,1,6
checkstyle,com.puppycrawl.tools.checkstyle.grammar.java,JavaLanguageParser.LambdaExpressionContext,6,30,1,1,2,6,2,5,1,5
checkstyle,com.puppycrawl.tools.checkstyle.grammar.java,JavaLanguageParser.ModifierContext,82,13,1,1,17,3,17,2,16,2
checkstyle,com.puppycrawl.tools.checkstyle.grammar.java,JavaLanguageParser.VariableDeclaratorIdContext,17,39,1,1,4,9,4,6,3,6
checkstyle,com.puppycrawl.tools.checkstyle.grammar.java,JavaLanguageParser.FormalParametersContext,6,29,1,1,2,6,2,5,1,5
checkstyle,com.puppycrawl.tools.checkstyle.grammar.java,JavaLanguageParser.EnumDeclarationContext,34,16,1,1,7,4,7,2,6,2
checkstyle,com.puppycrawl.tools.checkstyle.grammar.java,JavaLanguageParser.AnnotationTypeContext,45,14,1,1,8,2,8,2,7,2
checkstyle,com.puppycrawl.tools.checkstyle.grammar.java,JavaLanguageParser.ConstructorBlockContext,32,13,1,1,7,3,7,2,6,2
checkstyle,com.puppycrawl.tools.checkstyle.grammar.java,JavaLanguageParser.CreatedNameContext,2,12,0,0,1,5,1,3,1,3
checkstyle,com.puppycrawl.tools.checkstyle.grammar.java,JavaLanguageParser.NonWildcardDiamondContext,4,24,1,1,1,4,1,4,0,4
checkstyle,com.puppycrawl.tools.checkstyle.grammar.java,JavaLanguageParser.PatternVariableDefinitionContext,22,24,1,1,5,5,5,3,4,3
checkstyle,com.puppycrawl.tools.checkstyle.grammar.java,JavaLanguageParser.ArrayCreatorRestContext,32,29,1,1,7,6,7,5,6,5
checkstyle,com.puppycrawl.tools.checkstyle.grammar.java,JavaLanguageParser.ClassOrInterfaceTypeExtendedContext,37,5,2,0,7,2,7,1,6,1
checkstyle,com.puppycrawl.tools.checkstyle.grammar.java,JavaLanguageParser.MemberDeclarationContext,59,16,1,1,11,4,11,2,10,2
checkstyle,com.puppycrawl.tools.checkstyle.grammar.java,JavaLanguageParser.ForForContext,20,35,1,1,4,6,4,6,3,6
checkstyle,com.puppycrawl.tools.checkstyle.grammar.java,JavaLanguageParser.ElseStatContext,12,18,1,1,3,4,3,3,2,3
checkstyle,com.puppycrawl.tools.checkstyle.grammar.java,JavaLanguageParser.DiamondContext,4,24,1,1,1,4,1,4,0,4
checkstyle,com.puppycrawl.tools.checkstyle.grammar.java,JavaLanguageParser.SuperSuffixContext,2,12,0,0,1,5,1,3,1,3
checkstyle,com.puppycrawl.tools.checkstyle.grammar.java,JavaLanguageParser.WildCardTypeArgumentContext,14,31,1,1,3,5,3,5,2,5
checkstyle,com.puppycrawl.tools.checkstyle.grammar.java,JavaLanguageParser.ParExpressionContext,22,13,1,1,5,3,5,2,4,2
checkstyle,com.puppycrawl.tools.checkstyle.grammar.java,JavaLanguageParser.BitShiftContext,8,38,1,1,2,7,2,7,1,7
checkstyle,com.puppycrawl.tools.checkstyle.grammar.java,JavaLanguageParser.LastRecordComponentContext,29,13,1,1,6,3,6,2,5,2
checkstyle,com.puppycrawl.tools.checkstyle.grammar.java,JavaLanguageParser.LastFormalParameterContext,22,35,1,1,5,7,5,5,4,5
checkstyle,com.puppycrawl.tools.checkstyle.grammar.java,JavaLanguageParser.ThisExpContext,9,25,1,1,2,4,2,4,1,4
checkstyle,com.puppycrawl.tools.checkstyle.grammar.java,JavaLanguageParser.ResourceContext,18,13,1,1,4,3,4,2,3,2
checkstyle,com.puppycrawl.tools.checkstyle.grammar.java,JavaLanguageParser.TypeUpperBoundsContext,18,18,1,1,4,4,4,3,3,3
checkstyle,com.puppycrawl.tools.checkstyle.grammar.java,JavaLanguageParser.AnnotationContext,39,13,1,1,8,3,8,2,7,2
checkstyle,com.puppycrawl.tools.checkstyle.grammar.java,JavaLanguageParser.IntegerLiteralContext,46,13,1,1,10,3,10,2,9,2
checkstyle,com.puppycrawl.tools.checkstyle.grammar.java,JavaLanguageParserBaseVisitor,704,79,0,0,176,20,176,20,176,20
checkstyle,com.puppycrawl.tools.checkstyle.grammar.java,JavaLanguageParser.InterfaceExtendsContext,6,24,1,1,2,5,2,4,1,4
checkstyle,com.puppycrawl.tools.checkstyle.grammar.java,JavaLanguageParser.ArrayDeclaratorContext,12,23,1,1,3,5,3,4,2,4
checkstyle,com.puppycrawl.tools.checkstyle.grammar.java,JavaLanguageParser.ExpressionContext,6,19,1,1,2,4,2,3,1,3
checkstyle,com.puppycrawl.tools.checkstyle.grammar.java,JavaLanguageParser.ClassBodyContext,26,13,1,1,6,3,6,2,5,2
checkstyle,com.puppycrawl.tools.checkstyle.grammar.java,JavaLanguageParser.ClassDefContext,20,19,1,1,4,3,4,2,3,2
checkstyle,com.puppycrawl.tools.checkstyle.grammar.java,JavaLanguageParser.ClassDeclarationContext,52,16,1,1,10,4,10,2,9,2
checkstyle,com.puppycrawl.tools.checkstyle.grammar.java,JavaLanguageParser.TextBlockLiteralContext,6,28,1,1,2,6,2,5,1,5
checkstyle,com.puppycrawl.tools.checkstyle.grammar.java,JavaLanguageParser.TypeDeclarationContext,31,23,1,1,7,5,7,2,6,2
checkstyle,com.puppycrawl.tools.checkstyle.grammar.java,JavaLanguageParser.PrimitiveTypeContext,51,13,1,1,11,3,11,2,10,2
checkstyle,com.puppycrawl.tools.checkstyle.grammar.java,JavaLanguageParser.CaseConstantsContext,25,13,1,1,6,3,6,2,5,2
checkstyle,com.puppycrawl.tools.checkstyle.grammar.java,JavaLanguageParser.TypeBoundContext,11,27,1,1,3,6,3,5,2,5
checkstyle,com.puppycrawl.tools.checkstyle.grammar.java,JavaLanguageParser.InitExpContext,9,37,1,1,2,6,2,6,1,6
checkstyle,com.puppycrawl.tools.checkstyle.grammar.java,JavaLanguageParser.ArgumentsContext,6,29,1,1,2,6,2,5,1,5
checkstyle,com.puppycrawl.tools.checkstyle.grammar.java,JavaLanguageParser.MethodDeclarationContext,62,21,1,1,11,5,11,2,10,2
checkstyle,com.puppycrawl.tools.checkstyle.grammar.java,JavaLanguageParser.AnnotationConstantRestContext,17,19,1,1,4,5,4,2,3,2
checkstyle,com.puppycrawl.tools.checkstyle.grammar.java,JavaLanguageParser.ClassOrInterfaceOrPrimitiveTypeContext,18,13,1,1,4,3,4,2,3,2
checkstyle,com.puppycrawl.tools.checkstyle.grammar.java,JavaLanguageParser.BreakStatContext,15,19,1,1,3,3,3,3,2,3
checkstyle,com.puppycrawl.tools.checkstyle.grammar.java,JavaLanguageParser.AnnotationTypeElementRestContext,7,19,0,0,2,7,2,3,2,3
checkstyle,com.puppycrawl.tools.checkstyle.grammar.java,JavaLanguageParser.SwitchLabeledThrowContext,6,40,1,1,2,8,2,7,1,7
checkstyle,com.puppycrawl.tools.checkstyle.grammar.java,JavaLanguageParser.ArrayInitializerContext,35,13,1,1,8,3,8,2,7,2
checkstyle,com.puppycrawl.tools.checkstyle.grammar.java,JavaLanguageParser.TypeArgumentContext,2,12,0,0,1,5,1,3,1,3
checkstyle,com.puppycrawl.tools.checkstyle.grammar.java,JavaLanguageParser.ElementValueContext,24,13,1,1,5,3,5,2,4,2
checkstyle,com.puppycrawl.tools.checkstyle.grammar.java,JavaLanguageParser.VariableDeclaratorContext,17,40,1,1,4,9,4,6,3,6
checkstyle,com.puppycrawl.tools.checkstyle.grammar.java,JavaLanguageParser.PostfixContext,14,20,1,1,3,3,3,3,2,3
checkstyle,com.puppycrawl.tools.checkstyle.grammar.java,JavaLanguageParser.RecordComponentContext,24,13,1,1,5,3,5,2,4,2
checkstyle,com.puppycrawl.tools.checkstyle.grammar.java,JavaLanguageParser.SwitchRulesContext,10,18,1,1,2,3,2,3,1,3
checkstyle,com.puppycrawl.tools.checkstyle.grammar.java,JavaLanguageParser.ClassTypeContext,48,0,2,0,10,0,9,0,8,0
checkstyle,com.puppycrawl.tools.checkstyle.grammar.java,JavaLanguageParser.TokenPrimaryContext,20,14,1,1,4,2,4,2,3,2
checkstyle,com.puppycrawl.tools.checkstyle.grammar.java,JavaLanguageParser.CompactConstructorDeclarationContext,16,30,1,1,4,6,4,4,3,4
checkstyle,com.puppycrawl.tools.checkstyle.grammar.java,JavaLanguageParser.MultiLambdaParamContext,4,30,1,1,1,5,1,5,0,5
checkstyle,com.puppycrawl.tools.checkstyle.grammar.java,JavaLanguageParser.CatchParameterContext,28,18,1,1,6,4,6,2,5,2
checkstyle,com.puppycrawl.tools.checkstyle.grammar.java,JavaLanguageParser.FloatLiteralContext,26,13,1,1,6,3,6,2,5,2
checkstyle,com.puppycrawl.tools.checkstyle.grammar.java,JavaLanguageParser.SwitchLabeledRuleContext,24,13,1,1,5,3,5,2,4,2
checkstyle,com.puppycrawl.tools.checkstyle.grammar.java,JavaLanguageParser.SingleSemiImportContext,4,19,1,1,1,3,1,3,0,3
checkstyle,com.puppycrawl.tools.checkstyle.grammar.java,JavaLanguageParser.InterfaceBodyContext,26,13,1,1,6,3,6,2,5,2
checkstyle,com.puppycrawl.tools.checkstyle.grammar.java,JavaLanguageParser.SwitchLabeledExpressionContext,28,13,1,1,6,3,6,2,5,2
checkstyle,com.puppycrawl.tools.checkstyle.grammar.java,JavaLanguageParser.TernaryOpContext,19,19,1,1,4,3,4,3,3,3
checkstyle,com.puppycrawl.tools.checkstyle.grammar.java,JavaLanguageParser.ForInitContext,18,13,1,1,4,3,4,2,3,2
checkstyle,com.puppycrawl.tools.checkstyle.grammar.java,JavaLanguageParser.SimpleMethodCallContext,4,36,1,1,1,6,1,6,0,6
checkstyle,com.puppycrawl.tools.checkstyle.grammar.java,JavaLanguageParser.AnnotationTypeBodyContext,26,13,1,1,6,3,6,2,5,2
checkstyle,com.puppycrawl.tools.checkstyle.grammar.java,JavaLanguageParser.LocalTypeContext,10,14,1,1,2,2,2,2,1,2
checkstyle,com.puppycrawl.tools.checkstyle.grammar.java,JavaLanguageParser.CatchTypeContext,25,13,1,1,6,3,6,2,5,2
checkstyle,com.puppycrawl.tools.checkstyle.grammar.java,JavaLanguageParser.ForControlContext,2,12,0,0,1,5,1,3,1,3
checkstyle,com.puppycrawl.tools.checkstyle.grammar.java,JavaLanguageParser.EnhancedForContext,4,30,1,1,1,5,1,5,0,5
checkstyle,com.puppycrawl.tools.checkstyle.grammar.java,JavaLanguageParser.PackageDeclarationContext,6,35,1,1,2,7,2,6,1,6
checkstyle,com.puppycrawl.tools.checkstyle.grammar.java,JavaLanguageParser.TypeArgumentsOrDiamondContext,2,12,0,0,1,5,1,3,1,3
checkstyle,com.puppycrawl.tools.checkstyle.grammar.java,JavaLanguageParser.SwitchStatContext,10,14,1,1,2,2,2,2,1,2
checkstyle,com.puppycrawl.tools.checkstyle.grammar.java,JavaLanguageParser.InterfaceBodyDeclarationContext,16,29,1,1,4,6,4,4,3,4
checkstyle,com.puppycrawl.tools.checkstyle.grammar.java,JavaLanguageParser.MethodCallContext,4,47,1,1,1,8,1,8,0,8
checkstyle,com.puppycrawl.tools.checkstyle.grammar.java,JavaLanguageParser.QualifiedNameExtendedContext,31,5,2,0,6,2,6,1,5,1
checkstyle,com.puppycrawl.tools.checkstyle.grammar.java,JavaLanguageParser.TypeTypeContext,33,16,1,1,7,4,7,2,6,2
checkstyle,com.puppycrawl.tools.checkstyle.grammar.java,JavaLanguageParser.LambdaExpContext,10,14,1,1,2,2,2,2,1,2
checkstyle,com.puppycrawl.tools.checkstyle.grammar.java,JavaLanguageParser.SingleLambdaParamContext,10,14,1,1,2,2,2,2,1,2
checkstyle,com.puppycrawl.tools.checkstyle.grammar.java,JavaLanguageParser.IfStatContext,22,19,1,1,4,3,4,3,3,3
checkstyle,com.puppycrawl.tools.checkstyle.grammar.java,JavaLanguageParser.InstanceOfExpContext,16,25,1,1,3,4,3,4,2,4
checkstyle,com.puppycrawl.tools.checkstyle.grammar.java,JavaLanguageParser.SuperSuffixSimpleContext,34,0,2,0,6,0,6,0,5,0
checkstyle,com.puppycrawl.tools.checkstyle.grammar.java,JavaLanguageParser.FieldDeclarationContext,23,21,1,1,5,5,5,3,4,3
checkstyle,com.puppycrawl.tools.checkstyle.grammar.java,JavaLanguageParser.LiteralPrimaryContext,10,14,1,1,2,2,2,2,1,2
checkstyle,com.puppycrawl.tools.checkstyle.grammar.java,JavaLanguageParser.MethodBodyContext,17,13,1,1,4,3,4,2,3,2
checkstyle,com.puppycrawl.tools.checkstyle.grammar.java,JavaLanguageParser.IndexOpContext,8,30,1,1,2,5,2,5,1,5
checkstyle,com.puppycrawl.tools.checkstyle.grammar.java,JavaLanguageParser.ImportDeclarationContext,2,12,0,0,1,5,1,3,1,3
checkstyle,com.puppycrawl.tools.checkstyle.grammar.java,JavaLanguageParser.EnumConstantsContext,25,13,1,1,6,3,6,2,5,2
checkstyle,com.puppycrawl.tools.checkstyle.grammar.java,JavaLanguageParser.InterfaceMemberDeclarationContext,53,16,1,1,10,4,10,2,9,2
checkstyle,com.puppycrawl.tools.checkstyle.grammar.java,JavaLanguageParser.FormalParameterContext,22,24,1,1,5,5,5,3,4,3
checkstyle,com.puppycrawl.tools.checkstyle.grammar.java,JavaLanguageParser.QualifiedNameContext,16,24,1,1,4,5,4,3,3,3
checkstyle,com.puppycrawl.tools.checkstyle.grammar.java,JavaLanguageParser.VariableDeclaratorsContext,30,19,1,1,7,5,7,2,6,2
checkstyle,com.puppycrawl.tools.checkstyle.grammar.java,JavaLanguageParser.VariableAccessContext,16,29,1,1,4,6,4,4,3,4
checkstyle,com.puppycrawl.tools.checkstyle.grammar.java,JavaLanguageParser.LocalTypeDeclarationContext,45,18,1,1,9,4,9,2,8,2
checkstyle,com.puppycrawl.tools.checkstyle.grammar.java,JavaLanguageParser.TypeListContext,25,13,1,1,6,3,6,2,5,2
checkstyle,com.puppycrawl.tools.checkstyle.grammar.java,JavaLanguageParser.EnumBodyDeclarationsContext,21,13,1,1,5,3,5,2,4,2
checkstyle,com.puppycrawl.tools.checkstyle.grammar.java,JavaLanguageParser.ClassExtendsContext,12,18,1,1,3,4,3,3,2,3
checkstyle,com.puppycrawl.tools.checkstyle.grammar.java,JavaLanguageParser.BinOpContext,148,20,1,1,30,3,30,3,29,3
checkstyle,com.puppycrawl.tools.checkstyle.grammar.java,JavaLanguageParser.ConstructorDeclarationContext,41,16,1,1,8,4,8,2,7,2
checkstyle,com.puppycrawl.tools.checkstyle.grammar.java,JavaLanguageParser.WhileStatContext,21,14,1,1,4,2,4,2,3,2
checkstyle,com.puppycrawl.tools.checkstyle.grammar.java,JavaLanguageParser.SwitchExpressionOrStatementContext,6,40,1,1,2,8,2,7,1,7
checkstyle,com.puppycrawl.tools.checkstyle.grammar.java,JavaLanguageParser.LocalVariableDeclarationContext,28,18,1,1,6,4,6,2,5,2
checkstyle,com.puppycrawl.tools.checkstyle.grammar.java,JavaLanguageParser.StatementContext,2,12,0,0,1,5,1,3,1,3
checkstyle,com.puppycrawl.tools.checkstyle.grammar.java,JavaLanguageParser.LambdaBodyContext,18,13,1,1,4,3,4,2,3,2
checkstyle,com.puppycrawl.tools.checkstyle.grammar.java,JavaLanguageParser.PrimaryContext,2,12,0,0,1,5,1,3,1,3
checkstyle,com.puppycrawl.tools.checkstyle.grammar.java,JavaLanguageParser.ExpStatContext,10,19,1,1,2,3,2,3,1,3
checkstyle,com.puppycrawl.tools.checkstyle.grammar.java,JavaLanguageParser.ClassOrInterfaceTypeContext,32,33,1,1,6,7,6,4,5,4
checkstyle,com.puppycrawl.tools.checkstyle.grammar.java,JavaLanguageParser.SwitchBlockContext,2,12,0,0,1,5,1,3,1,3
checkstyle,com.puppycrawl.tools.checkstyle.grammar.java,JavaLanguageParser.PrimitivePrimaryContext,16,28,1,1,3,5,3,5,2,5
checkstyle,com.puppycrawl.tools.checkstyle.grammar.java,JavaLanguageParser.DefaultValueContext,6,24,1,1,2,5,2,4,1,4
checkstyle,com.puppycrawl.tools.checkstyle.grammar.java,JavaLanguageParser.TypeArgumentsTypeListContext,10,28,1,1,3,6,3,5,2,5
checkstyle,com.puppycrawl.tools.checkstyle.grammar.java,JavaLanguageParser.PermittedSubclassesAndInterfacesContext,25,18,1,1,6,4,6,3,5,3
checkstyle,com.puppycrawl.tools.checkstyle.grammar.java,JavaLanguageParser.VariableInitializerContext,18,13,1,1,4,3,4,2,3,2
checkstyle,com.puppycrawl.tools.checkstyle.grammar.java,JavaLanguageParser.ForStatContext,21,14,1,1,4,2,4,2,3,2
checkstyle,com.puppycrawl.tools.checkstyle.grammar.java,JavaLanguageParser.TypeBoundTypeContext,28,13,1,1,6,3,6,2,5,2
checkstyle,com.puppycrawl.tools.checkstyle.grammar.java,JavaLanguageParser.TryStatContext,31,14,1,1,6,2,6,2,5,2
checkstyle,com.puppycrawl.tools.checkstyle.grammar.java,JavaLanguageParser.BlockContext,26,13,1,1,6,3,6,2,5,2
checkstyle,com.puppycrawl.tools.checkstyle.grammar.java,JavaLanguageParser.FieldAccessNoIdentContext,14,16,2,0,3,4,3,3,2,3
checkstyle,com.puppycrawl.tools.checkstyle.grammar.java,JavaLanguageParser.FinallyBlockContext,12,18,1,1,3,4,3,3,2,3
checkstyle,com.puppycrawl.tools.checkstyle.grammar.java,JavaLanguageParser.TypeCastParametersContext,10,28,1,1,3,6,3,5,2,5
checkstyle,com.puppycrawl.tools.checkstyle.grammar.java,JavaLanguageParser.ElementValuePairContext,23,13,1,1,5,3,5,2,4,2
checkstyle,com.puppycrawl.tools.checkstyle.grammar.java,JavaLanguageParser.TryWithResourceStatContext,32,19,1,1,6,3,6,3,5,3
checkstyle,com.puppycrawl.tools.checkstyle.grammar.java,JavaLanguageParser.ExplicitCtorCallContext,4,41,1,1,1,7,1,7,0,7
checkstyle,com.puppycrawl.tools.checkstyle.grammar.java,JavaLanguageParser.ResourcesContext,19,19,1,1,5,4,5,3,4,3
checkstyle,com.puppycrawl.tools.checkstyle.grammar.java,JavaLanguageParser.FormalLambdaParamContext,4,30,1,1,1,5,1,5,0,5
checkstyle,com.puppycrawl.tools.checkstyle.grammar.java,JavaLanguageParser.InnerCreatorContext,30,13,1,1,6,3,6,2,5,2
checkstyle,com.puppycrawl.tools.checkstyle.grammar.java,JavaLanguageParser.CatchClauseContext,28,18,1,1,6,4,6,3,5,3
checkstyle,com.puppycrawl.tools.checkstyle.grammar.java,JavaLanguageParser.ResourceDeclarationContext,22,35,1,1,5,7,5,5,4,5
checkstyle,com.puppycrawl.tools.checkstyle.grammar.java,JavaLanguageParser.CastExpContext,21,19,1,1,4,3,4,3,3,3
checkstyle,com.puppycrawl.tools.checkstyle.grammar.java,JavaLanguageParser.EmptyClassContext,9,14,1,1,2,2,2,2,1,2
checkstyle,com.puppycrawl.tools.checkstyle.grammar.java,JavaLanguageParser.InvOpContext,9,48,1,1,2,8,2,8,1,8
checkstyle,com.puppycrawl.tools.checkstyle.grammar.java,JavaLanguageParser.NonWildcardTypeArgsContext,24,0,2,0,4,0,4,0,3,0
checkstyle,com.puppycrawl.tools.checkstyle.grammar.java,JavaLanguageParser.PatternDefinitionContext,12,13,1,1,3,3,3,2,2,2
checkstyle,com.puppycrawl.tools.checkstyle.grammar.java,JavaLanguageParser.CompilationUnitContext,37,13,1,1,8,3,8,2,7,2
checkstyle,com.puppycrawl.tools.checkstyle.grammar.java,JavaLanguageParser.ExpressionListContext,25,13,1,1,6,3,6,2,5,2
checkstyle,com.puppycrawl.tools.checkstyle.grammar.java,JavaLanguageParser.RecordDeclarationContext,46,16,1,1,9,4,9,2,8,2
checkstyle,com.puppycrawl.tools.checkstyle.grammar.java,JavaLanguageParser.EnumConstantContext,30,13,1,1,6,3,6,2,5,2
checkstyle,com.puppycrawl.tools.checkstyle.grammar.java,JavaLanguageParser.LabelStatContext,4,31,1,1,1,5,1,5,0,5
checkstyle,com.puppycrawl.tools.checkstyle.grammar.java,JavaLanguageParser.RefOpContext,15,20,1,1,3,3,3,3,2,3
checkstyle,com.puppycrawl.tools.checkstyle.grammar.java,JavaLanguageParser.CreatedNamePrimitiveContext,10,14,1,1,2,2,2,2,1,2
checkstyle,com.puppycrawl.tools.checkstyle.grammar.java,JavaLanguageParser.ContinueStatContext,15,19,1,1,3,3,3,3,2,3
checkstyle,com.puppycrawl.tools.checkstyle.grammar.java,JavaLanguageParser.SwitchBlockStatementGroupContext,22,22,1,1,5,5,5,3,4,3
checkstyle,com.puppycrawl.tools.checkstyle.grammar.java,JavaLanguageParser.BracketsWithExpContext,11,30,1,1,3,6,3,5,2,5
checkstyle,com.puppycrawl.tools.checkstyle.grammar.java,JavaLanguageParser.NonWildcardTypeArgumentsOrDiamondContext,2,12,0,0,1,5,1,3,1,3
checkstyle,com.puppycrawl.tools.checkstyle.grammar.java,JavaLanguageParser.ThrowStatContext,15,19,1,1,3,3,3,3,2,3
checkstyle,com.puppycrawl.tools.checkstyle.grammar.java,JavaLanguageParser.AssertExpContext,24,19,1,1,5,3,5,3,4,3
checkstyle,com.puppycrawl.tools.checkstyle.grammar.java,JavaLanguageParser.TypeParameterContext,24,13,1,1,5,3,5,2,4,2
checkstyle,com.puppycrawl.tools.checkstyle.grammar.java,JavaLanguageParser.InterfaceDeclarationContext,46,16,1,1,9,4,9,2,8,2
checkstyle,com.puppycrawl.tools.checkstyle.grammar.java,JavaLanguageParser.AnnotationTypeElementDeclarationContext,16,29,1,1,4,6,4,4,3,4
checkstyle,com.puppycrawl.tools.checkstyle.grammar.java,JavaLanguageParser.ClassCreatorRestContext,18,13,1,1,4,3,4,2,3,2
checkstyle,com.puppycrawl.tools.checkstyle.grammar.java,JavaLanguageParser.MethodRefContext,39,19,1,1,7,3,7,3,6,3
checkstyle,com.puppycrawl.tools.checkstyle.grammar.java,JavaLanguageParser.SwitchPrimaryContext,10,14,1,1,2,2,2,2,1,2
checkstyle,com.puppycrawl.tools.checkstyle.grammar.java,JavaLanguageParser.AnnotationFieldContext,22,19,1,1,4,3,4,3,3,3
checkstyle,com.puppycrawl.tools.checkstyle.grammar.java,JavaLanguageParser.BlockStatementContext,2,12,0,0,1,5,1,3,1,3
checkstyle,com.puppycrawl.tools.checkstyle.grammar.java,JavaLanguageParser.ParenPrimaryContext,20,14,1,1,4,2,4,2,3,2
checkstyle,com.puppycrawl.tools.checkstyle.grammar.java,JavaLanguageParser.PrefixContext,34,20,1,1,7,3,7,3,6,3
checkstyle,com.puppycrawl.tools.checkstyle.grammar.java,JavaLanguageParser.ExplicitConstructorInvocationContext,2,12,0,0,1,5,1,3,1,3
checkstyle,com.puppycrawl.tools.checkstyle.grammar.java,JavaLanguageParser.RecordComponentsListContext,6,29,1,1,2,6,2,5,1,5
checkstyle,com.puppycrawl.tools.checkstyle.grammar.java,JavaLanguageParser.CreatorContext,40,13,1,1,8,3,8,2,7,2
checkstyle,com.puppycrawl.tools.checkstyle.grammar.java,JavaLanguageParser.SwitchBlocksContext,24,24,1,1,5,4,5,2,4,2
checkstyle,com.puppycrawl.tools.checkstyle.grammar.java,JavaLanguageParser.TypesContext,41,16,1,1,8,4,8,2,7,2
checkstyle,com.puppycrawl.tools.checkstyle.grammar.java,JavaLanguageParser.MultiLambdaParamsContext,10,28,1,1,3,6,3,5,2,5
checkstyle,com.puppycrawl.tools.checkstyle.grammar.java,JavaLanguageParser.SyncStatContext,21,14,1,1,4,2,4,2,3,2
checkstyle,com.puppycrawl.tools.checkstyle.grammar.java,JavaLanguageParser.FormalParameterListContext,31,13,1,1,7,3,7,2,6,2
checkstyle,com.puppycrawl.tools.checkstyle.grammar.java,JavaLanguageParser.SimpleTypeArgumentContext,4,20,1,1,1,3,1,3,0,3
checkstyle,com.puppycrawl.tools.checkstyle.grammar.java,JavaLanguageParser.ClassRefPrimaryContext,16,28,1,1,3,5,3,5,2,5
checkstyle,com.puppycrawl.tools.checkstyle.grammar.java,JavaLanguageParser.TypeParametersContext,25,23,1,1,6,5,6,4,5,4
checkstyle,com.puppycrawl.tools.checkstyle.grammar.java,JavaLanguageParser.LiteralContext,49,13,1,1,10,3,10,2,9,2
checkstyle,com.puppycrawl.tools.checkstyle.grammar.java,JavaLanguageParser.BlockStatContext,10,14,1,1,2,2,2,2,1,2
checkstyle,com.puppycrawl.tools.checkstyle.grammar.java,JavaLanguageParser.ElementValueArrayInitializerContext,30,18,1,1,7,4,7,3,6,3
checkstyle,com.puppycrawl.tools.checkstyle.grammar.java,JavaLanguageParser.StatContext,10,14,1,1,2,2,2,2,1,2
checkstyle,com.puppycrawl.tools.checkstyle.checks.modifier,InterfaceMemberImpliedModifierCheck,0,259,0,44,0,66,0,38,0,15
checkstyle,com.puppycrawl.tools.checkstyle.checks.modifier,ClassMemberImpliedModifierCheck,0,129,0,24,0,30,0,22,0,9
checkstyle,com.puppycrawl.tools.checkstyle.checks.modifier,ModifierOrderCheck,0,255,0,40,0,53,0,29,0,9
checkstyle,com.puppycrawl.tools.checkstyle.checks.modifier,RedundantModifierCheck,0,515,0,88,0,124,0,70,0,26
checkstyle,com.puppycrawl.tools.checkstyle.checks.coding,ModifiedControlVariableCheck,0,426,0,36,0,101,0,44,0,23
checkstyle,com.puppycrawl.tools.checkstyle.checks.coding,RequireThisCheck.MethodFrame,0,7,0,0,0,3,0,2,0,2
checkstyle,com.puppycrawl.tools.checkstyle.checks.coding,MultipleStringLiteralsCheck,0,220,0,22,0,54,0,24,0,13
checkstyle,com.puppycrawl.tools.checkstyle.checks.coding,MissingSwitchDefaultCheck,0,78,0,14,0,22,0,15,0,8
checkstyle,com.puppycrawl.tools.checkstyle.checks.coding,RequireThisCheck.CatchFrame,0,7,0,0,0,3,0,2,0,2
checkstyle,com.puppycrawl.tools.checkstyle.checks.coding,DeclarationOrderCheck.ScopeState,0,9,0,0,0,3,0,1,0,1
checkstyle,com.puppycrawl.tools.checkstyle.checks.coding,UnnecessarySemicolonInTryWithResourcesCheck,0,47,0,6,0,13,0,9,0,6
checkstyle,com.puppycrawl.tools.checkstyle.checks.coding,UnnecessarySemicolonInEnumerationCheck,0,45,0,6,0,10,0,9,0,6
checkstyle,com.puppycrawl.tools.checkstyle.checks.coding,IllegalTokenCheck,0,54,0,3,0,15,0,9,0,7
checkstyle,com.puppycrawl.tools.checkstyle.checks.coding,IllegalTokenTextCheck,0,125,0,8,0,30,0,14,0,10
checkstyle,com.puppycrawl.tools.checkstyle.checks.coding,DefaultComesLastCheck,0,100,0,20,0,26,0,17,0,7
checkstyle,com.puppycrawl.tools.checkstyle.checks.coding,CovariantEqualsCheck,0,122,0,16,0,30,0,14,0,6
checkstyle,com.puppycrawl.tools.checkstyle.checks.coding,ParameterAssignmentCheck,0,280,0,28,0,54,0,27,0,13
checkstyle,com.puppycrawl.tools.checkstyle.checks.coding,ReturnCountCheck.Context,0,77,0,8,0,12,0,7,0,3
checkstyle,com.puppycrawl.tools.checkstyle.checks.coding,RequireThisCheck.FrameType,0,64,0,0,0,7,0,1,0,1
checkstyle,com.puppycrawl.tools.checkstyle.checks.coding,DeclarationOrderCheck,0,336,0,60,0,86,0,47,0,15
checkstyle,com.puppycrawl.tools.checkstyle.checks.coding,NoEnumTrailingCommaCheck,0,59,0,2,0,11,0,9,0,8
checkstyle,com.puppycrawl.tools.checkstyle.checks.coding,FinalLocalVariableCheck.ScopeData,0,42,0,6,0,12,0,5,0,2
checkstyle,com.puppycrawl.tools.checkstyle.checks.coding,RequireThisCheck.ForFrame,0,7,0,0,0,3,0,2,0,2
checkstyle,com.puppycrawl.tools.checkstyle.checks.coding,UnnecessarySemicolonAfterOuterTypeDeclarationCheck,0,50,0,6,0,10,0,8,0,5
checkstyle,com.puppycrawl.tools.checkstyle.checks.coding,InnerAssignmentCheck,0,461,0,24,0,45,0,23,0,11
checkstyle,com.puppycrawl.tools.checkstyle.checks.coding,EmptyStatementCheck,0,23,0,0,0,6,0,5,0,5
checkstyle,com.puppycrawl.tools.checkstyle.checks.coding,RequireThisCheck,0,1564,0,293,0,406,0,198,0,45
checkstyle,com.puppycrawl.tools.checkstyle.checks.coding,NestedForDepthCheck,0,64,0,2,0,15,0,9,0,8
checkstyle,com.puppycrawl.tools.checkstyle.checks.coding,UnnecessaryParenthesesCheck,0,853,0,70,0,79,0,48,0,13
checkstyle,com.puppycrawl.tools.checkstyle.checks.coding,NestedIfDepthCheck,0,70,0,6,0,17,0,11,0,8
checkstyle,com.puppycrawl.tools.checkstyle.checks.coding,EqualsHashCodeCheck,0,178,0,26,0,40,0,26,0,13
checkstyle,com.puppycrawl.tools.checkstyle.checks.coding,SimplifyBooleanExpressionCheck,0,56,0,9,0,14,0,10,0,5
checkstyle,com.puppycrawl.tools.checkstyle.checks.coding,RequireThisCheck.AbstractFrame,0,92,0,12,0,26,0,15,0,9
checkstyle,com.puppycrawl.tools.checkstyle.checks.coding,NoCloneCheck,0,48,0,6,0,13,0,8,0,5
checkstyle,com.puppycrawl.tools.checkstyle.checks.coding,NoArrayTrailingCommaCheck,0,36,0,4,0,9,0,7,0,5
checkstyle,com.puppycrawl.tools.checkstyle.checks.coding,IllegalCatchCheck,0,104,0,4,0,22,0,8,0,6
checkstyle,com.puppycrawl.tools.checkstyle.checks.coding,SimplifyBooleanReturnCheck,0,83,0,14,0,26,0,14,0,7
checkstyle,com.puppycrawl.tools.checkstyle.checks.coding,ArrayTrailingCommaCheck,0,53,0,10,0,14,0,11,0,6
checkstyle,com.puppycrawl.tools.checkstyle.checks.coding,VariableDeclarationUsageDistanceCheck,0,792,0,152,0,253,0,104,0,24
checkstyle,com.puppycrawl.tools.checkstyle.checks.coding,FinalLocalVariableCheck.FinalVariableCandidate,0,6,0,0,0,3,0,1,0,1
checkstyle,com.puppycrawl.tools.checkstyle.checks.coding,IllegalTypeCheck,0,670,0,94,0,172,0,85,0,35
checkstyle,com.puppycrawl.tools.checkstyle.checks.coding,ExplicitInitializationCheck,0,231,0,46,0,49,0,34,0,11
checkstyle,com.puppycrawl.tools.checkstyle.checks.coding,PackageDeclarationCheck,0,89,0,8,0,24,0,13,0,9
checkstyle,com.puppycrawl.tools.checkstyle.checks.coding,IllegalThrowsCheck,0,150,0,14,0,32,0,17,0,10
checkstyle,com.puppycrawl.tools.checkstyle.checks.coding,SuperFinalizeCheck,0,5,0,0,0,2,0,2,0,2
checkstyle,com.puppycrawl.tools.checkstyle.checks.coding,ReturnCountCheck,0,195,0,11,0,47,0,21,0,14
checkstyle,com.puppycrawl.tools.checkstyle.checks.coding,SuperCloneCheck,0,5,0,0,0,2,0,2,0,2
checkstyle,com.puppycrawl.tools.checkstyle.checks.coding,AvoidNoArgumentSuperConstructorCallCheck,0,33,0,4,0,8,0,7,0,5
checkstyle,com.puppycrawl.tools.checkstyle.checks.coding,AbstractSuperCheck.MethodNode,0,19,0,0,0,8,0,4,0,4
checkstyle,com.puppycrawl.tools.checkstyle.checks.coding,EqualsAvoidNullCheck,0,605,0,99,0,151,0,80,0,27
checkstyle,com.puppycrawl.tools.checkstyle.checks.coding,OneStatementPerLineCheck,0,299,0,56,0,78,0,44,0,14
checkstyle,com.puppycrawl.tools.checkstyle.checks.coding,MagicNumberCheck,0,473,0,82,0,109,0,61,0,20
checkstyle,com.puppycrawl.tools.checkstyle.checks.coding,MatchXpathCheck,0,109,0,4,0,28,0,12,0,10
checkstyle,com.puppycrawl.tools.checkstyle.checks.coding,OverloadMethodsDeclarationOrderCheck,0,128,0,10,0,30,0,11,0,6
checkstyle,com.puppycrawl.tools.checkstyle.checks.coding,RequireThisCheck.BlockFrame,0,7,0,0,0,3,0,2,0,2
checkstyle,com.puppycrawl.tools.checkstyle.checks.coding,RequireThisCheck.AnonymousClassFrame,0,11,0,0,0,4,0,2,0,2
checkstyle,com.puppycrawl.tools.checkstyle.checks.coding,RequireThisCheck.ClassFrame,0,224,0,34,0,55,0,33,0,16
checkstyle,com.puppycrawl.tools.checkstyle.checks.coding,FallThroughCheck,0,399,0,68,0,106,0,54,0,16
checkstyle,com.puppycrawl.tools.checkstyle.checks.coding,MultipleVariableDeclarationsCheck,0,90,0,20,0,26,0,16,0,6
checkstyle,com.puppycrawl.tools.checkstyle.checks.coding,IllegalInstantiationCheck,0,362,0,49,0,92,0,43,0,17
checkstyle,com.puppycrawl.tools.checkstyle.checks.coding,AvoidDoubleBraceInitializationCheck,0,87,0,12,0,18,0,14,0,8
checkstyle,com.puppycrawl.tools.checkstyle.checks.coding,NoFinalizerCheck,0,48,0,6,0,13,0,8,0,5
checkstyle,com.puppycrawl.tools.checkstyle.checks.coding,NestedTryDepthCheck,0,64,0,2,0,15,0,9,0,8
checkstyle,com.puppycrawl.tools.checkstyle.checks.coding,UnnecessarySemicolonAfterTypeMemberDeclarationCheck,0,169,0,24,0,31,0,23,0,10
checkstyle,com.puppycrawl.tools.checkstyle.checks.coding,EqualsAvoidNullCheck.FieldFrame,0,97,0,6,0,30,0,16,0,13
checkstyle,com.puppycrawl.tools.checkstyle.checks.coding,StringLiteralEqualityCheck,0,46,0,6,0,10,0,8,0,5
checkstyle,com.puppycrawl.tools.checkstyle.checks.coding,HiddenFieldCheck.FieldFrame,0,94,0,18,0,24,0,16,0,7
checkstyle,com.puppycrawl.tools.checkstyle.checks.coding,MissingCtorCheck,0,37,0,4,0,10,0,7,0,5
checkstyle,com.puppycrawl.tools.checkstyle.checks.coding,HiddenFieldCheck,0,570,0,119,0,136,0,85,0,25
checkstyle,com.puppycrawl.tools.checkstyle.checks.coding,FinalLocalVariableCheck,0,1164,0,196,0,235,0,138,0,36
checkstyle,com.puppycrawl.tools.checkstyle.checks.coding,RequireThisCheck.ConstructorFrame,0,7,0,0,0,3,0,2,0,2
checkstyle,com.puppycrawl.tools.checkstyle.checks.coding,AvoidInlineConditionalsCheck,0,23,0,0,0,6,0,5,0,5
checkstyle,com.puppycrawl.tools.checkstyle.checks.coding,AbstractSuperCheck,0,210,0,40,0,57,0,32,0,12
checkstyle,com.puppycrawl.tools.checkstyle.checks,NoCodeInFileCheck,0,20,0,2,0,7,0,6,0,5
checkstyle,com.puppycrawl.tools.checkstyle.checks,TranslationCheck.ResourceBundle,0,60,0,4,0,19,0,9,0,7
checkstyle,com.puppycrawl.tools.checkstyle.checks,UpperEllCheck,0,28,0,2,0,7,0,6,0,5
checkstyle,com.puppycrawl.tools.checkstyle.checks,UniquePropertiesCheck,0,150,0,8,0,33,0,9,0,5
checkstyle,com.puppycrawl.tools.checkstyle.checks,TranslationCheck,0,675,0,50,0,159,0,49,0,24
checkstyle,com.puppycrawl.tools.checkstyle.checks,NewlineAtEndOfFileCheck,0,129,0,10,0,28,0,10,0,5
checkstyle,com.puppycrawl.tools.checkstyle.checks,OrderedPropertiesCheck.SequencedProperties,0,22,0,0,0,5,0,3,0,3
checkstyle,com.puppycrawl.tools.checkstyle.checks,ArrayTypeStyleCheck,0,85,0,20,0,18,0,16,0,6
checkstyle,com.puppycrawl.tools.checkstyle.checks,UncommentedMainCheck,0,267,0,36,0,68,0,37,0,18
checkstyle,com.puppycrawl.tools.checkstyle.checks,UniquePropertiesCheck.UniqueProperties,0,42,0,4,0,9,0,6,0,4
checkstyle,com.puppycrawl.tools.checkstyle.checks,OrderedPropertiesCheck,0,158,0,8,0,37,0,10,0,6
checkstyle,com.puppycrawl.tools.checkstyle.checks,FinalParametersCheck,0,211,0,22,0,55,0,22,0,11
checkstyle,com.puppycrawl.tools.checkstyle.checks,AvoidEscapedUnicodeCharactersCheck,0,237,0,34,0,58,0,34,0,17
checkstyle,com.puppycrawl.tools.checkstyle.checks,SuppressWarningsHolder,0,564,0,82,0,149,0,71,0,26
checkstyle,com.puppycrawl.tools.checkstyle.checks,SuppressWarningsHolder.Entry,0,33,0,0,0,12,0,6,0,6
checkstyle,com.puppycrawl.tools.checkstyle.checks,TrailingCommentCheck,0,191,0,26,0,40,0,25,0,12
checkstyle,com.puppycrawl.tools.checkstyle.checks,DescendantTokenCheck,0,358,0,34,0,82,0,33,0,16
checkstyle,com.puppycrawl.tools.checkstyle.checks,TodoCommentCheck,0,66,0,4,0,13,0,9,0,7
checkstyle,com.puppycrawl.tools.checkstyle.checks,OuterTypeFilenameCheck,0,120,0,12,0,28,0,15,0,9
checkstyle,com.puppycrawl.tools.checkstyle.checks,LineSeparatorOption,0,97,0,6,0,14,0,7,0,4
checkstyle,com.puppycrawl.tools.checkstyle.checks.blocks,EmptyCatchBlockCheck,0,186,0,26,0,51,0,27,0,14
checkstyle,com.puppycrawl.tools.checkstyle.checks.blocks,NeedBracesCheck,0,419,0,74,0,103,0,67,0,26
checkstyle,com.puppycrawl.tools.checkstyle.checks.blocks,RightCurlyCheck.Details,0,258,0,30,0,73,0,26,0,10
checkstyle,com.puppycrawl.tools.checkstyle.checks.blocks,RightCurlyCheck,0,384,0,76,0,63,0,55,0,17
checkstyle,com.puppycrawl.tools.checkstyle.checks.blocks,LeftCurlyCheck,0,481,0,62,0,88,0,48,0,15
checkstyle,com.puppycrawl.tools.checkstyle.checks.blocks,EmptyBlockCheck,0,342,0,44,0,62,0,31,0,9
checkstyle,com.puppycrawl.tools.checkstyle.checks.blocks,BlockOption,0,24,0,0,0,3,0,1,0,1
checkstyle,com.puppycrawl.tools.checkstyle.checks.blocks,RightCurlyOption,0,34,0,0,0,4,0,1,0,1
checkstyle,com.puppycrawl.tools.checkstyle.checks.blocks,LeftCurlyOption,0,34,0,0,0,4,0,1,0,1
checkstyle,com.puppycrawl.tools.checkstyle.checks.blocks,AvoidNestedBlocksCheck,0,50,0,10,0,12,0,12,0,7
checkstyle,com.puppycrawl.tools.checkstyle.checks.header,RegexpHeaderCheck,0,252,0,36,0,56,0,28,0,10
checkstyle,com.puppycrawl.tools.checkstyle.checks.header,HeaderCheck,0,101,0,12,0,18,0,13,0,7
checkstyle,com.puppycrawl.tools.checkstyle.checks.header,AbstractHeaderCheck,0,193,0,16,0,53,0,20,0,12
checkstyle,com.puppycrawl.tools.checkstyle.checks.sizes,MethodCountCheck.MethodCounter,0,50,0,2,0,13,0,6,0,5
checkstyle,com.puppycrawl.tools.checkstyle.checks.sizes,MethodCountCheck,0,218,0,12,0,47,0,21,0,15
checkstyle,com.puppycrawl.tools.checkstyle.checks.sizes,ExecutableStatementCountCheck.Context,0,22,0,0,0,8,0,4,0,4
checkstyle,com.puppycrawl.tools.checkstyle.checks.sizes,LambdaBodyLengthCheck,0,102,0,10,0,27,0,14,0,9
checkstyle,com.puppycrawl.tools.checkstyle.checks.sizes,RecordComponentNumberCheck,0,118,0,6,0,26,0,14,0,11
checkstyle,com.puppycrawl.tools.checkstyle.checks.sizes,LineLengthCheck,0,79,0,8,0,16,0,9,0,5
checkstyle,com.puppycrawl.tools.checkstyle.checks.sizes,ExecutableStatementCountCheck,0,244,0,16,0,39,0,20,0,12
checkstyle,com.puppycrawl.tools.checkstyle.checks.sizes,MethodLengthCheck,0,123,0,12,0,27,0,14,0,8
checkstyle,com.puppycrawl.tools.checkstyle.checks.sizes,ParameterNumberCheck,0,83,0,10,0,18,0,13,0,8
checkstyle,com.puppycrawl.tools.checkstyle.checks.sizes,OuterTypeNumberCheck,0,93,0,4,0,19,0,11,0,9
checkstyle,com.puppycrawl.tools.checkstyle.checks.sizes,AnonInnerLengthCheck,0,63,0,4,0,16,0,8,0,6
checkstyle,com.puppycrawl.tools.checkstyle.checks.sizes,FileLengthCheck,0,34,0,2,0,7,0,4,0,3
checkstyle,com.puppycrawl.tools.checkstyle.filefilters,BeforeExecutionExclusionFileFilter,0,21,0,4,0,5,0,6,0,4
checkstyle,com.puppycrawl.tools.checkstyle.api,AbstractFileSetCheck,0,254,0,8,0,59,0,24,0,20
checkstyle,com.puppycrawl.tools.checkstyle.api,FullIdent,0,176,0,26,0,49,0,26,0,13
checkstyle,com.puppycrawl.tools.checkstyle.api,LineColumn,0,88,0,12,0,18,0,12,0,6
checkstyle,com.puppycrawl.tools.checkstyle.api,AutomaticBean.PatternConverter,0,4,0,0,0,1,0,1,0,1
checkstyle,com.puppycrawl.tools.checkstyle.api,SeverityLevel,0,60,0,0,0,9,0,4,0,4
checkstyle,com.puppycrawl.tools.checkstyle.api,AutomaticBean.ScopeConverter,0,4,0,0,0,1,0,1,0,1
checkstyle,com.puppycrawl.tools.checkstyle.api,BeforeExecutionFileFilterSet,0,55,0,4,0,17,0,9,0,7
checkstyle,com.puppycrawl.tools.checkstyle.api,AutomaticBean.RelaxedStringArrayConverter,0,28,0,2,0,8,0,2,0,1
checkstyle,com.puppycrawl.tools.checkstyle.api,Violation,0,454,0,46,0,93,0,47,0,24
checkstyle,com.puppycrawl.tools.checkstyle.api,AutomaticBean.UriConverter,0,20,0,2,0,8,0,2,0,1
checkstyle,com.puppycrawl.tools.checkstyle.api,AbstractViolationReporter,0,67,0,2,0,20,0,11,0,10
checkstyle,com.puppycrawl.tools.checkstyle.api,Comment,0,125,0,4,0,19,0,10,0,8
checkstyle,com.puppycrawl.tools.checkstyle.api,AutomaticBean.RelaxedAccessModifierArrayConverter,0,33,0,2,0,9,0,3,0,2
checkstyle,com.puppycrawl.tools.checkstyle.api,FileContents,0,364,0,26,0,69,0,35,0,22
checkstyle,com.puppycrawl.tools.checkstyle.api,Scope,0,88,0,2,0,11,0,6,0,5
checkstyle,com.puppycrawl.tools.checkstyle.api,CheckstyleException,0,9,0,0,0,4,0,2,0,2
checkstyle,com.puppycrawl.tools.checkstyle.api,FilterSet,0,55,0,4,0,17,0,9,0,7
checkstyle,com.puppycrawl.tools.checkstyle.api,FileText,0,310,0,18,0,77,0,22,0,13
checkstyle,com.puppycrawl.tools.checkstyle.api,AuditEvent,0,58,0,2,0,19,0,12,0,11
checkstyle,com.puppycrawl.tools.checkstyle.api,AbstractCheck,0,209,0,0,0,54,0,22,0,22
checkstyle,com.puppycrawl.tools.checkstyle.api,Violation.Utf8Control,0,49,0,6,0,12,0,5,0,2
checkstyle,com.puppycrawl.tools.checkstyle.api,AbstractFileSetCheck.FileContext,0,8,0,0,0,2,0,1,0,1
checkstyle,com.puppycrawl.tools.checkstyle.api,AutomaticBean.SeverityLevelConverter,0,4,0,0,0,1,0,1,0,1
checkstyle,com.puppycrawl.tools.checkstyle.api,AbstractCheck.FileContext,0,8,0,0,0,2,0,1,0,1
checkstyle,com.puppycrawl.tools.checkstyle.api,SeverityLevelCounter,0,49,0,6,0,18,0,11,0,8
checkstyle,com.puppycrawl.tools.checkstyle.api,AutomaticBean.OutputStreamOptions,0,24,0,0,0,3,0,1,0,1
checkstyle,com.puppycrawl.tools.checkstyle.api,AutomaticBean,0,418,0,12,0,74,0,15,0,9
checkstyle,com.puppycrawl.tools.checkstyle.checks.imports,ImportOrderOption,0,54,0,0,0,6,0,1,0,1
checkstyle,com.puppycrawl.tools.checkstyle.checks.imports,UnusedImportsCheck.Frame,0,66,0,0,0,19,0,9,0,9
checkstyle,com.puppycrawl.tools.checkstyle.checks.imports,UnusedImportsCheck,0,453,0,43,0,93,0,46,0,23
checkstyle,com.puppycrawl.tools.checkstyle.checks.imports,AccessResult,0,34,0,0,0,4,0,1,0,1
checkstyle,com.puppycrawl.tools.checkstyle.checks.imports,IllegalImportCheck,0,262,0,28,0,54,0,25,0,11
checkstyle,com.puppycrawl.tools.checkstyle.checks.imports,CustomImportOrderCheck.RuleMatchForImport,0,12,0,0,0,5,0,1,0,1
checkstyle,com.puppycrawl.tools.checkstyle.checks.imports,AbstractImportRule,0,32,0,4,0,13,0,6,0,4
checkstyle,com.puppycrawl.tools.checkstyle.checks.imports,RedundantImportCheck,0,200,0,10,0,33,0,16,0,11
checkstyle,com.puppycrawl.tools.checkstyle.checks.imports,PkgImportRule,0,84,0,14,0,13,0,9,0,2
checkstyle,com.puppycrawl.tools.checkstyle.checks.imports,AvoidStarImportCheck,0,123,0,14,0,28,0,16,0,9
checkstyle,com.puppycrawl.tools.checkstyle.checks.imports,ImportControlLoader,0,398,0,30,0,91,0,28,0,13
checkstyle,com.puppycrawl.tools.checkstyle.checks.imports,CustomImportOrderCheck,0,814,0,108,0,184,0,86,0,32
checkstyle,com.puppycrawl.tools.checkstyle.checks.imports,MismatchStrategy,0,34,0,0,0,4,0,1,0,1
checkstyle,com.puppycrawl.tools.checkstyle.checks.imports,ImportControlCheck,0,190,0,18,0,43,0,20,0,11
checkstyle,com.puppycrawl.tools.checkstyle.checks.imports,AvoidStaticImportCheck,0,119,0,16,0,31,0,16,0,8
checkstyle,com.puppycrawl.tools.checkstyle.checks.imports,ClassImportRule,0,27,0,2,0,7,0,3,0,2
checkstyle,com.puppycrawl.tools.checkstyle.checks.imports,FileImportControl,0,73,0,8,0,20,0,9,0,5
checkstyle,com.puppycrawl.tools.checkstyle.checks.imports,PkgImportControl,0,250,0,24,0,57,0,25,0,13
checkstyle,com.puppycrawl.tools.checkstyle.checks.imports,ImportOrderCheck,0,731,0,138,0,152,0,97,0,28
checkstyle,com.puppycrawl.tools.checkstyle.checks.imports,CustomImportOrderCheck.ImportDetails,0,36,0,0,0,12,0,7,0,7
checkstyle,com.puppycrawl.tools.checkstyle.checks.imports,AbstractImportControl,0,101,0,18,0,29,0,13,0,4
checkstyle,com.puppycrawl.tools.checkstyle.checks.javadoc.utils,BlockTagUtil,0,99,0,10,0,22,0,7,0,2
checkstyle,com.puppycrawl.tools.checkstyle.checks.javadoc.utils,TagInfo,0,21,0,0,0,8,0,4,0,4
checkstyle,com.puppycrawl.tools.checkstyle.checks.javadoc.utils,InlineTagUtil,0,170,0,10,0,34,0,11,0,6
checkstyle,com.puppycrawl.tools.checkstyle.grammar,CrAwareLexerSimulator,0,53,0,6,0,15,0,5,0,2
